{"/Users/vuongnguyen/Data/training/nodejs/nodejs-training/shopping-server/src/index.js": {"path":"/Users/vuongnguyen/Data/training/nodejs/nodejs-training/shopping-server/src/index.js","statementMap":{"0":{"start":{"line":11,"column":0},"end":{"line":11,"column":23}},"1":{"start":{"line":13,"column":12},"end":{"line":13,"column":21}},"2":{"start":{"line":14,"column":0},"end":{"line":14,"column":15}},"3":{"start":{"line":16,"column":23},"end":{"line":26,"column":1}},"4":{"start":{"line":17,"column":16},"end":{"line":17,"column":38}},"5":{"start":{"line":19,"column":2},"end":{"line":25,"column":3}},"6":{"start":{"line":20,"column":4},"end":{"line":24,"column":5}},"7":{"start":{"line":21,"column":6},"end":{"line":21,"column":57}},"8":{"start":{"line":23,"column":6},"end":{"line":23,"column":75}},"9":{"start":{"line":29,"column":15},"end":{"line":43,"column":2}},"10":{"start":{"line":36,"column":24},"end":{"line":36,"column":49}},"11":{"start":{"line":37,"column":4},"end":{"line":41,"column":5}},"12":{"start":{"line":45,"column":0},"end":{"line":45,"column":49}},"13":{"start":{"line":47,"column":18},"end":{"line":49,"column":2}},"14":{"start":{"line":48,"column":2},"end":{"line":48,"column":63}}},"fnMap":{"0":{"name":"(anonymous_0)","decl":{"start":{"line":16,"column":23},"end":{"line":16,"column":24}},"loc":{"start":{"line":16,"column":36},"end":{"line":26,"column":1}},"line":16},"1":{"name":"(anonymous_1)","decl":{"start":{"line":35,"column":11},"end":{"line":35,"column":12}},"loc":{"start":{"line":35,"column":30},"end":{"line":42,"column":3}},"line":35},"2":{"name":"(anonymous_2)","decl":{"start":{"line":47,"column":45},"end":{"line":47,"column":46}},"loc":{"start":{"line":47,"column":51},"end":{"line":49,"column":1}},"line":47}},"branchMap":{"0":{"loc":{"start":{"line":19,"column":2},"end":{"line":25,"column":3}},"type":"if","locations":[{"start":{"line":19,"column":2},"end":{"line":25,"column":3}},{"start":{"line":19,"column":2},"end":{"line":25,"column":3}}],"line":19}},"s":{"0":2,"1":2,"2":2,"3":2,"4":22,"5":22,"6":10,"7":10,"8":0,"9":2,"10":22,"11":22,"12":2,"13":2,"14":2},"f":{"0":22,"1":22,"2":2},"b":{"0":[10,12]},"_coverageSchema":"43e27e138ebf9cfc5966b082cf9a028302ed4184","hash":"1ffbc32668a69e554dfa684bb2df404d5f78f8ac"}
,"/Users/vuongnguyen/Data/training/nodejs/nodejs-training/shopping-server/src/__test__/user/QueryApi.js": {"path":"/Users/vuongnguyen/Data/training/nodejs/nodejs-training/shopping-server/src/__test__/user/QueryApi.js","statementMap":{"0":{"start":{"line":1,"column":27},"end":{"line":15,"column":2}},"1":{"start":{"line":1,"column":43},"end":{"line":15,"column":1}},"2":{"start":{"line":17,"column":27},"end":{"line":31,"column":2}},"3":{"start":{"line":17,"column":43},"end":{"line":31,"column":1}},"4":{"start":{"line":33,"column":28},"end":{"line":46,"column":2}},"5":{"start":{"line":33,"column":44},"end":{"line":46,"column":1}},"6":{"start":{"line":48,"column":29},"end":{"line":63,"column":2}},"7":{"start":{"line":48,"column":45},"end":{"line":63,"column":1}},"8":{"start":{"line":65,"column":31},"end":{"line":78,"column":2}},"9":{"start":{"line":65,"column":47},"end":{"line":78,"column":1}}},"fnMap":{"0":{"name":"(anonymous_0)","decl":{"start":{"line":1,"column":27},"end":{"line":1,"column":28}},"loc":{"start":{"line":1,"column":43},"end":{"line":15,"column":1}},"line":1},"1":{"name":"(anonymous_1)","decl":{"start":{"line":17,"column":27},"end":{"line":17,"column":28}},"loc":{"start":{"line":17,"column":43},"end":{"line":31,"column":1}},"line":17},"2":{"name":"(anonymous_2)","decl":{"start":{"line":33,"column":28},"end":{"line":33,"column":29}},"loc":{"start":{"line":33,"column":44},"end":{"line":46,"column":1}},"line":33},"3":{"name":"(anonymous_3)","decl":{"start":{"line":48,"column":29},"end":{"line":48,"column":30}},"loc":{"start":{"line":48,"column":45},"end":{"line":63,"column":1}},"line":48},"4":{"name":"(anonymous_4)","decl":{"start":{"line":65,"column":31},"end":{"line":65,"column":32}},"loc":{"start":{"line":65,"column":47},"end":{"line":78,"column":1}},"line":65}},"branchMap":{},"s":{"0":2,"1":4,"2":2,"3":7,"4":2,"5":4,"6":2,"7":3,"8":2,"9":4},"f":{"0":4,"1":7,"2":4,"3":3,"4":4},"b":{},"_coverageSchema":"43e27e138ebf9cfc5966b082cf9a028302ed4184","hash":"d4a23a9d79b927f003b0a20dfa89f8a49cdf2a7e"}
,"/Users/vuongnguyen/Data/training/nodejs/nodejs-training/shopping-server/src/__test__/user/UserModel.js": {"path":"/Users/vuongnguyen/Data/training/nodejs/nodejs-training/shopping-server/src/__test__/user/UserModel.js","statementMap":{"0":{"start":{"line":8,"column":18},"end":{"line":8,"column":80}},"1":{"start":{"line":9,"column":23},"end":{"line":9,"column":30}},"2":{"start":{"line":13,"column":63},"end":{"line":13,"column":67}},"3":{"start":{"line":16,"column":23},"end":{"line":16,"column":61}},"4":{"start":{"line":17,"column":4},"end":{"line":20,"column":5}},"5":{"start":{"line":19,"column":6},"end":{"line":19,"column":23}},"6":{"start":{"line":23,"column":27},"end":{"line":23,"column":51}},"7":{"start":{"line":25,"column":15},"end":{"line":25,"column":23}},"8":{"start":{"line":26,"column":21},"end":{"line":26,"column":38}},"9":{"start":{"line":27,"column":17},"end":{"line":46,"column":5}},"10":{"start":{"line":48,"column":4},"end":{"line":52,"column":5}},"11":{"start":{"line":49,"column":6},"end":{"line":51,"column":7}},"12":{"start":{"line":53,"column":4},"end":{"line":57,"column":5}},"13":{"start":{"line":54,"column":6},"end":{"line":56,"column":7}},"14":{"start":{"line":58,"column":4},"end":{"line":62,"column":5}},"15":{"start":{"line":59,"column":6},"end":{"line":61,"column":7}},"16":{"start":{"line":64,"column":15},"end":{"line":64,"column":39}},"17":{"start":{"line":65,"column":4},"end":{"line":73,"column":5}},"18":{"start":{"line":66,"column":6},"end":{"line":69,"column":8}},"19":{"start":{"line":71,"column":6},"end":{"line":71,"column":47}},"20":{"start":{"line":72,"column":6},"end":{"line":72,"column":28}},"21":{"start":{"line":74,"column":4},"end":{"line":78,"column":5}},"22":{"start":{"line":83,"column":15},"end":{"line":83,"column":39}},"23":{"start":{"line":84,"column":18},"end":{"line":100,"column":5}},"24":{"start":{"line":101,"column":20},"end":{"line":101,"column":41}},"25":{"start":{"line":102,"column":4},"end":{"line":110,"column":5}},"26":{"start":{"line":103,"column":19},"end":{"line":103,"column":35}},"27":{"start":{"line":104,"column":6},"end":{"line":109,"column":7}},"28":{"start":{"line":115,"column":15},"end":{"line":115,"column":39}},"29":{"start":{"line":116,"column":4},"end":{"line":143,"column":5}},"30":{"start":{"line":117,"column":19},"end":{"line":128,"column":8}},"31":{"start":{"line":130,"column":79},"end":{"line":130,"column":83}},"32":{"start":{"line":132,"column":6},"end":{"line":140,"column":7}},"33":{"start":{"line":142,"column":6},"end":{"line":142,"column":28}},"34":{"start":{"line":150,"column":4},"end":{"line":153,"column":5}},"35":{"start":{"line":151,"column":6},"end":{"line":151,"column":31}},"36":{"start":{"line":152,"column":6},"end":{"line":152,"column":30}},"37":{"start":{"line":155,"column":4},"end":{"line":155,"column":19}}},"fnMap":{"0":{"name":"(anonymous_0)","decl":{"start":{"line":12,"column":2},"end":{"line":12,"column":3}},"loc":{"start":{"line":12,"column":26},"end":{"line":79,"column":3}},"line":12},"1":{"name":"(anonymous_1)","decl":{"start":{"line":81,"column":2},"end":{"line":81,"column":3}},"loc":{"start":{"line":81,"column":37},"end":{"line":111,"column":3}},"line":81},"2":{"name":"(anonymous_2)","decl":{"start":{"line":113,"column":2},"end":{"line":113,"column":3}},"loc":{"start":{"line":113,"column":24},"end":{"line":144,"column":3}},"line":113},"3":{"name":"(anonymous_3)","decl":{"start":{"line":149,"column":2},"end":{"line":149,"column":3}},"loc":{"start":{"line":149,"column":23},"end":{"line":156,"column":3}},"line":149}},"branchMap":{"0":{"loc":{"start":{"line":8,"column":18},"end":{"line":8,"column":80}},"type":"cond-expr","locations":[{"start":{"line":8,"column":52},"end":{"line":8,"column":67}},{"start":{"line":8,"column":70},"end":{"line":8,"column":80}}],"line":8},"1":{"loc":{"start":{"line":17,"column":4},"end":{"line":20,"column":5}},"type":"if","locations":[{"start":{"line":17,"column":4},"end":{"line":20,"column":5}},{"start":{"line":17,"column":4},"end":{"line":20,"column":5}}],"line":17},"2":{"loc":{"start":{"line":38,"column":11},"end":{"line":38,"column":46}},"type":"cond-expr","locations":[{"start":{"line":38,"column":18},"end":{"line":38,"column":33}},{"start":{"line":38,"column":36},"end":{"line":38,"column":46}}],"line":38},"3":{"loc":{"start":{"line":48,"column":4},"end":{"line":52,"column":5}},"type":"if","locations":[{"start":{"line":48,"column":4},"end":{"line":52,"column":5}},{"start":{"line":48,"column":4},"end":{"line":52,"column":5}}],"line":48},"4":{"loc":{"start":{"line":53,"column":4},"end":{"line":57,"column":5}},"type":"if","locations":[{"start":{"line":53,"column":4},"end":{"line":57,"column":5}},{"start":{"line":53,"column":4},"end":{"line":57,"column":5}}],"line":53},"5":{"loc":{"start":{"line":58,"column":4},"end":{"line":62,"column":5}},"type":"if","locations":[{"start":{"line":58,"column":4},"end":{"line":62,"column":5}},{"start":{"line":58,"column":4},"end":{"line":62,"column":5}}],"line":58},"6":{"loc":{"start":{"line":102,"column":4},"end":{"line":110,"column":5}},"type":"if","locations":[{"start":{"line":102,"column":4},"end":{"line":110,"column":5}},{"start":{"line":102,"column":4},"end":{"line":110,"column":5}}],"line":102},"7":{"loc":{"start":{"line":102,"column":8},"end":{"line":102,"column":60}},"type":"binary-expr","locations":[{"start":{"line":102,"column":8},"end":{"line":102,"column":15}},{"start":{"line":102,"column":19},"end":{"line":102,"column":32}},{"start":{"line":102,"column":36},"end":{"line":102,"column":60}}],"line":102},"8":{"loc":{"start":{"line":133,"column":12},"end":{"line":133,"column":22}},"type":"binary-expr","locations":[{"start":{"line":133,"column":12},"end":{"line":133,"column":14}},{"start":{"line":133,"column":18},"end":{"line":133,"column":22}}],"line":133},"9":{"loc":{"start":{"line":134,"column":18},"end":{"line":134,"column":32}},"type":"binary-expr","locations":[{"start":{"line":134,"column":18},"end":{"line":134,"column":22}},{"start":{"line":134,"column":26},"end":{"line":134,"column":32}}],"line":134},"10":{"loc":{"start":{"line":135,"column":14},"end":{"line":135,"column":28}},"type":"binary-expr","locations":[{"start":{"line":135,"column":14},"end":{"line":135,"column":18}},{"start":{"line":135,"column":22},"end":{"line":135,"column":28}}],"line":135},"11":{"loc":{"start":{"line":136,"column":14},"end":{"line":136,"column":28}},"type":"binary-expr","locations":[{"start":{"line":136,"column":14},"end":{"line":136,"column":18}},{"start":{"line":136,"column":22},"end":{"line":136,"column":28}}],"line":136},"12":{"loc":{"start":{"line":137,"column":15},"end":{"line":137,"column":31}},"type":"binary-expr","locations":[{"start":{"line":137,"column":15},"end":{"line":137,"column":20}},{"start":{"line":137,"column":24},"end":{"line":137,"column":31}}],"line":137},"13":{"loc":{"start":{"line":138,"column":17},"end":{"line":138,"column":37}},"type":"binary-expr","locations":[{"start":{"line":138,"column":17},"end":{"line":138,"column":24}},{"start":{"line":138,"column":28},"end":{"line":138,"column":37}}],"line":138},"14":{"loc":{"start":{"line":139,"column":16},"end":{"line":139,"column":34}},"type":"binary-expr","locations":[{"start":{"line":139,"column":16},"end":{"line":139,"column":22}},{"start":{"line":139,"column":26},"end":{"line":139,"column":34}}],"line":139},"15":{"loc":{"start":{"line":150,"column":4},"end":{"line":153,"column":5}},"type":"if","locations":[{"start":{"line":150,"column":4},"end":{"line":153,"column":5}},{"start":{"line":150,"column":4},"end":{"line":153,"column":5}}],"line":150}},"s":{"0":3,"1":3,"2":7,"3":7,"4":7,"5":0,"6":7,"7":7,"8":7,"9":7,"10":7,"11":7,"12":7,"13":7,"14":7,"15":7,"16":7,"17":7,"18":7,"19":0,"20":0,"21":7,"22":7,"23":7,"24":7,"25":7,"26":0,"27":0,"28":7,"29":7,"30":7,"31":7,"32":7,"33":0,"34":21,"35":5,"36":5,"37":21},"f":{"0":7,"1":7,"2":7,"3":21},"b":{"0":[3,0],"1":[0,7],"2":[7,0],"3":[7,0],"4":[7,0],"5":[7,0],"6":[0,7],"7":[7,7,7],"8":[7,7],"9":[7,7],"10":[7,7],"11":[7,7],"12":[7,7],"13":[7,7],"14":[7,0],"15":[5,16]},"_coverageSchema":"43e27e138ebf9cfc5966b082cf9a028302ed4184","hash":"92e67f6e4bdcf95b5ed6a063d4746cf43f1f06d1"}
,"/Users/vuongnguyen/Data/training/nodejs/nodejs-training/shopping-server/src/db/ShoppingTable.js": {"path":"/Users/vuongnguyen/Data/training/nodejs/nodejs-training/shopping-server/src/db/ShoppingTable.js","statementMap":{"0":{"start":{"line":2,"column":18},"end":{"line":2,"column":80}}},"fnMap":{},"branchMap":{"0":{"loc":{"start":{"line":2,"column":18},"end":{"line":2,"column":80}},"type":"cond-expr","locations":[{"start":{"line":2,"column":52},"end":{"line":2,"column":67}},{"start":{"line":2,"column":70},"end":{"line":2,"column":80}}],"line":2}},"s":{"0":3},"f":{},"b":{"0":[3,0]},"_coverageSchema":"43e27e138ebf9cfc5966b082cf9a028302ed4184","hash":"ace5dd412c9eda1db366576a271f2577bcd87482"}
,"/Users/vuongnguyen/Data/training/nodejs/nodejs-training/shopping-server/src/db/index.js": {"path":"/Users/vuongnguyen/Data/training/nodejs/nodejs-training/shopping-server/src/db/index.js","statementMap":{"0":{"start":{"line":6,"column":4},"end":{"line":17,"column":5}},"1":{"start":{"line":7,"column":21},"end":{"line":13,"column":7}},"2":{"start":{"line":15,"column":6},"end":{"line":15,"column":44}},"3":{"start":{"line":16,"column":6},"end":{"line":16,"column":43}},"4":{"start":{"line":19,"column":4},"end":{"line":19,"column":26}},"5":{"start":{"line":23,"column":4},"end":{"line":31,"column":6}},"6":{"start":{"line":24,"column":6},"end":{"line":30,"column":8}},"7":{"start":{"line":25,"column":8},"end":{"line":29,"column":9}},"8":{"start":{"line":26,"column":10},"end":{"line":26,"column":21}},"9":{"start":{"line":28,"column":10},"end":{"line":28,"column":23}},"10":{"start":{"line":35,"column":4},"end":{"line":43,"column":6}},"11":{"start":{"line":36,"column":6},"end":{"line":42,"column":8}},"12":{"start":{"line":37,"column":8},"end":{"line":41,"column":9}},"13":{"start":{"line":38,"column":10},"end":{"line":38,"column":21}},"14":{"start":{"line":40,"column":10},"end":{"line":40,"column":23}},"15":{"start":{"line":47,"column":4},"end":{"line":55,"column":6}},"16":{"start":{"line":48,"column":6},"end":{"line":54,"column":8}},"17":{"start":{"line":49,"column":8},"end":{"line":53,"column":9}},"18":{"start":{"line":50,"column":10},"end":{"line":50,"column":21}},"19":{"start":{"line":52,"column":10},"end":{"line":52,"column":23}},"20":{"start":{"line":59,"column":4},"end":{"line":67,"column":6}},"21":{"start":{"line":60,"column":6},"end":{"line":66,"column":8}},"22":{"start":{"line":61,"column":8},"end":{"line":65,"column":9}},"23":{"start":{"line":62,"column":10},"end":{"line":62,"column":21}},"24":{"start":{"line":64,"column":10},"end":{"line":64,"column":23}},"25":{"start":{"line":71,"column":4},"end":{"line":79,"column":6}},"26":{"start":{"line":72,"column":6},"end":{"line":78,"column":8}},"27":{"start":{"line":73,"column":8},"end":{"line":77,"column":9}},"28":{"start":{"line":74,"column":10},"end":{"line":74,"column":21}},"29":{"start":{"line":76,"column":10},"end":{"line":76,"column":23}},"30":{"start":{"line":83,"column":4},"end":{"line":91,"column":6}},"31":{"start":{"line":84,"column":6},"end":{"line":90,"column":8}},"32":{"start":{"line":85,"column":8},"end":{"line":89,"column":9}},"33":{"start":{"line":86,"column":10},"end":{"line":86,"column":21}},"34":{"start":{"line":88,"column":10},"end":{"line":88,"column":23}},"35":{"start":{"line":95,"column":4},"end":{"line":103,"column":6}},"36":{"start":{"line":96,"column":6},"end":{"line":102,"column":8}},"37":{"start":{"line":97,"column":8},"end":{"line":101,"column":9}},"38":{"start":{"line":98,"column":10},"end":{"line":98,"column":21}},"39":{"start":{"line":100,"column":10},"end":{"line":100,"column":23}},"40":{"start":{"line":107,"column":4},"end":{"line":115,"column":6}},"41":{"start":{"line":108,"column":6},"end":{"line":114,"column":8}},"42":{"start":{"line":109,"column":8},"end":{"line":113,"column":9}},"43":{"start":{"line":110,"column":10},"end":{"line":110,"column":21}},"44":{"start":{"line":112,"column":10},"end":{"line":112,"column":23}},"45":{"start":{"line":119,"column":4},"end":{"line":134,"column":6}},"46":{"start":{"line":120,"column":6},"end":{"line":133,"column":8}},"47":{"start":{"line":121,"column":8},"end":{"line":132,"column":9}},"48":{"start":{"line":122,"column":10},"end":{"line":128,"column":11}},"49":{"start":{"line":123,"column":12},"end":{"line":123,"column":28}},"50":{"start":{"line":124,"column":12},"end":{"line":124,"column":23}},"51":{"start":{"line":126,"column":12},"end":{"line":126,"column":60}},"52":{"start":{"line":127,"column":12},"end":{"line":127,"column":21}},"53":{"start":{"line":130,"column":10},"end":{"line":130,"column":59}},"54":{"start":{"line":131,"column":10},"end":{"line":131,"column":19}},"55":{"start":{"line":138,"column":4},"end":{"line":144,"column":6}},"56":{"start":{"line":139,"column":6},"end":{"line":143,"column":7}},"57":{"start":{"line":140,"column":8},"end":{"line":140,"column":99}},"58":{"start":{"line":142,"column":8},"end":{"line":142,"column":86}}},"fnMap":{"0":{"name":"(anonymous_0)","decl":{"start":{"line":5,"column":2},"end":{"line":5,"column":3}},"loc":{"start":{"line":5,"column":19},"end":{"line":20,"column":3}},"line":5},"1":{"name":"(anonymous_1)","decl":{"start":{"line":22,"column":2},"end":{"line":22,"column":3}},"loc":{"start":{"line":22,"column":25},"end":{"line":32,"column":3}},"line":22},"2":{"name":"(anonymous_2)","decl":{"start":{"line":23,"column":23},"end":{"line":23,"column":24}},"loc":{"start":{"line":23,"column":44},"end":{"line":31,"column":5}},"line":23},"3":{"name":"(anonymous_3)","decl":{"start":{"line":24,"column":38},"end":{"line":24,"column":39}},"loc":{"start":{"line":24,"column":53},"end":{"line":30,"column":7}},"line":24},"4":{"name":"(anonymous_4)","decl":{"start":{"line":34,"column":2},"end":{"line":34,"column":3}},"loc":{"start":{"line":34,"column":25},"end":{"line":44,"column":3}},"line":34},"5":{"name":"(anonymous_5)","decl":{"start":{"line":35,"column":23},"end":{"line":35,"column":24}},"loc":{"start":{"line":35,"column":44},"end":{"line":43,"column":5}},"line":35},"6":{"name":"(anonymous_6)","decl":{"start":{"line":36,"column":38},"end":{"line":36,"column":39}},"loc":{"start":{"line":36,"column":53},"end":{"line":42,"column":7}},"line":36},"7":{"name":"(anonymous_7)","decl":{"start":{"line":46,"column":2},"end":{"line":46,"column":3}},"loc":{"start":{"line":46,"column":28},"end":{"line":56,"column":3}},"line":46},"8":{"name":"(anonymous_8)","decl":{"start":{"line":47,"column":23},"end":{"line":47,"column":24}},"loc":{"start":{"line":47,"column":44},"end":{"line":55,"column":5}},"line":47},"9":{"name":"(anonymous_9)","decl":{"start":{"line":48,"column":41},"end":{"line":48,"column":42}},"loc":{"start":{"line":48,"column":56},"end":{"line":54,"column":7}},"line":48},"10":{"name":"(anonymous_10)","decl":{"start":{"line":58,"column":2},"end":{"line":58,"column":3}},"loc":{"start":{"line":58,"column":32},"end":{"line":68,"column":3}},"line":58},"11":{"name":"(anonymous_11)","decl":{"start":{"line":59,"column":23},"end":{"line":59,"column":24}},"loc":{"start":{"line":59,"column":44},"end":{"line":67,"column":5}},"line":59},"12":{"name":"(anonymous_12)","decl":{"start":{"line":60,"column":45},"end":{"line":60,"column":46}},"loc":{"start":{"line":60,"column":60},"end":{"line":66,"column":7}},"line":60},"13":{"name":"(anonymous_13)","decl":{"start":{"line":70,"column":2},"end":{"line":70,"column":3}},"loc":{"start":{"line":70,"column":30},"end":{"line":80,"column":3}},"line":70},"14":{"name":"(anonymous_14)","decl":{"start":{"line":71,"column":23},"end":{"line":71,"column":24}},"loc":{"start":{"line":71,"column":44},"end":{"line":79,"column":5}},"line":71},"15":{"name":"(anonymous_15)","decl":{"start":{"line":72,"column":43},"end":{"line":72,"column":44}},"loc":{"start":{"line":72,"column":58},"end":{"line":78,"column":7}},"line":72},"16":{"name":"(anonymous_16)","decl":{"start":{"line":82,"column":2},"end":{"line":82,"column":3}},"loc":{"start":{"line":82,"column":23},"end":{"line":92,"column":3}},"line":82},"17":{"name":"(anonymous_17)","decl":{"start":{"line":83,"column":23},"end":{"line":83,"column":24}},"loc":{"start":{"line":83,"column":44},"end":{"line":91,"column":5}},"line":83},"18":{"name":"(anonymous_18)","decl":{"start":{"line":84,"column":36},"end":{"line":84,"column":37}},"loc":{"start":{"line":84,"column":51},"end":{"line":90,"column":7}},"line":84},"19":{"name":"(anonymous_19)","decl":{"start":{"line":94,"column":2},"end":{"line":94,"column":3}},"loc":{"start":{"line":94,"column":27},"end":{"line":104,"column":3}},"line":94},"20":{"name":"(anonymous_20)","decl":{"start":{"line":95,"column":23},"end":{"line":95,"column":24}},"loc":{"start":{"line":95,"column":44},"end":{"line":103,"column":5}},"line":95},"21":{"name":"(anonymous_21)","decl":{"start":{"line":96,"column":35},"end":{"line":96,"column":36}},"loc":{"start":{"line":96,"column":50},"end":{"line":102,"column":7}},"line":96},"22":{"name":"(anonymous_22)","decl":{"start":{"line":106,"column":2},"end":{"line":106,"column":3}},"loc":{"start":{"line":106,"column":28},"end":{"line":116,"column":3}},"line":106},"23":{"name":"(anonymous_23)","decl":{"start":{"line":107,"column":23},"end":{"line":107,"column":24}},"loc":{"start":{"line":107,"column":44},"end":{"line":115,"column":5}},"line":107},"24":{"name":"(anonymous_24)","decl":{"start":{"line":108,"column":41},"end":{"line":108,"column":42}},"loc":{"start":{"line":108,"column":56},"end":{"line":114,"column":7}},"line":108},"25":{"name":"(anonymous_25)","decl":{"start":{"line":118,"column":2},"end":{"line":118,"column":3}},"loc":{"start":{"line":118,"column":28},"end":{"line":135,"column":3}},"line":118},"26":{"name":"(anonymous_26)","decl":{"start":{"line":119,"column":22},"end":{"line":119,"column":23}},"loc":{"start":{"line":119,"column":43},"end":{"line":134,"column":5}},"line":119},"27":{"name":"(anonymous_27)","decl":{"start":{"line":120,"column":41},"end":{"line":120,"column":42}},"loc":{"start":{"line":120,"column":50},"end":{"line":133,"column":7}},"line":120},"28":{"name":"(anonymous_28)","decl":{"start":{"line":137,"column":2},"end":{"line":137,"column":3}},"loc":{"start":{"line":137,"column":28},"end":{"line":145,"column":3}},"line":137},"29":{"name":"(anonymous_29)","decl":{"start":{"line":138,"column":39},"end":{"line":138,"column":40}},"loc":{"start":{"line":138,"column":54},"end":{"line":144,"column":5}},"line":138}},"branchMap":{"0":{"loc":{"start":{"line":6,"column":4},"end":{"line":17,"column":5}},"type":"if","locations":[{"start":{"line":6,"column":4},"end":{"line":17,"column":5}},{"start":{"line":6,"column":4},"end":{"line":17,"column":5}}],"line":6},"1":{"loc":{"start":{"line":25,"column":8},"end":{"line":29,"column":9}},"type":"if","locations":[{"start":{"line":25,"column":8},"end":{"line":29,"column":9}},{"start":{"line":25,"column":8},"end":{"line":29,"column":9}}],"line":25},"2":{"loc":{"start":{"line":37,"column":8},"end":{"line":41,"column":9}},"type":"if","locations":[{"start":{"line":37,"column":8},"end":{"line":41,"column":9}},{"start":{"line":37,"column":8},"end":{"line":41,"column":9}}],"line":37},"3":{"loc":{"start":{"line":49,"column":8},"end":{"line":53,"column":9}},"type":"if","locations":[{"start":{"line":49,"column":8},"end":{"line":53,"column":9}},{"start":{"line":49,"column":8},"end":{"line":53,"column":9}}],"line":49},"4":{"loc":{"start":{"line":61,"column":8},"end":{"line":65,"column":9}},"type":"if","locations":[{"start":{"line":61,"column":8},"end":{"line":65,"column":9}},{"start":{"line":61,"column":8},"end":{"line":65,"column":9}}],"line":61},"5":{"loc":{"start":{"line":73,"column":8},"end":{"line":77,"column":9}},"type":"if","locations":[{"start":{"line":73,"column":8},"end":{"line":77,"column":9}},{"start":{"line":73,"column":8},"end":{"line":77,"column":9}}],"line":73},"6":{"loc":{"start":{"line":85,"column":8},"end":{"line":89,"column":9}},"type":"if","locations":[{"start":{"line":85,"column":8},"end":{"line":89,"column":9}},{"start":{"line":85,"column":8},"end":{"line":89,"column":9}}],"line":85},"7":{"loc":{"start":{"line":94,"column":14},"end":{"line":94,"column":25}},"type":"default-arg","locations":[{"start":{"line":94,"column":23},"end":{"line":94,"column":25}}],"line":94},"8":{"loc":{"start":{"line":97,"column":8},"end":{"line":101,"column":9}},"type":"if","locations":[{"start":{"line":97,"column":8},"end":{"line":101,"column":9}},{"start":{"line":97,"column":8},"end":{"line":101,"column":9}}],"line":97},"9":{"loc":{"start":{"line":109,"column":8},"end":{"line":113,"column":9}},"type":"if","locations":[{"start":{"line":109,"column":8},"end":{"line":113,"column":9}},{"start":{"line":109,"column":8},"end":{"line":113,"column":9}}],"line":109},"10":{"loc":{"start":{"line":121,"column":8},"end":{"line":132,"column":9}},"type":"if","locations":[{"start":{"line":121,"column":8},"end":{"line":132,"column":9}},{"start":{"line":121,"column":8},"end":{"line":132,"column":9}}],"line":121},"11":{"loc":{"start":{"line":122,"column":10},"end":{"line":128,"column":11}},"type":"if","locations":[{"start":{"line":122,"column":10},"end":{"line":128,"column":11}},{"start":{"line":122,"column":10},"end":{"line":128,"column":11}}],"line":122},"12":{"loc":{"start":{"line":139,"column":6},"end":{"line":143,"column":7}},"type":"if","locations":[{"start":{"line":139,"column":6},"end":{"line":143,"column":7}},{"start":{"line":139,"column":6},"end":{"line":143,"column":7}}],"line":139}},"s":{"0":8,"1":8,"2":8,"3":8,"4":8,"5":9,"6":9,"7":9,"8":0,"9":9,"10":2,"11":2,"12":2,"13":0,"14":2,"15":0,"16":0,"17":0,"18":0,"19":0,"20":0,"21":0,"22":0,"23":0,"24":0,"25":0,"26":0,"27":0,"28":0,"29":0,"30":30,"31":30,"32":30,"33":0,"34":30,"35":0,"36":0,"37":0,"38":0,"39":0,"40":9,"41":9,"42":9,"43":0,"44":9,"45":8,"46":8,"47":8,"48":8,"49":0,"50":0,"51":8,"52":8,"53":0,"54":0,"55":0,"56":0,"57":0,"58":0},"f":{"0":8,"1":9,"2":9,"3":9,"4":2,"5":2,"6":2,"7":0,"8":0,"9":0,"10":0,"11":0,"12":0,"13":0,"14":0,"15":0,"16":30,"17":30,"18":30,"19":0,"20":0,"21":0,"22":9,"23":9,"24":9,"25":8,"26":8,"27":8,"28":0,"29":0},"b":{"0":[8,0],"1":[0,9],"2":[0,2],"3":[0,0],"4":[0,0],"5":[0,0],"6":[0,30],"7":[0],"8":[0,0],"9":[0,9],"10":[8,0],"11":[0,8],"12":[0,0]},"_coverageSchema":"43e27e138ebf9cfc5966b082cf9a028302ed4184","hash":"f7e4510d704de17098b243b8f75d8b0f28036575"}
,"/Users/vuongnguyen/Data/training/nodejs/nodejs-training/shopping-server/src/models/Category.js": {"path":"/Users/vuongnguyen/Data/training/nodejs/nodejs-training/shopping-server/src/models/Category.js","statementMap":{"0":{"start":{"line":7,"column":18},"end":{"line":7,"column":80}},"1":{"start":{"line":8,"column":23},"end":{"line":8,"column":30}},"2":{"start":{"line":9,"column":23},"end":{"line":9,"column":30}},"3":{"start":{"line":13,"column":66},"end":{"line":13,"column":74}},"4":{"start":{"line":15,"column":4},"end":{"line":17,"column":5}},"5":{"start":{"line":16,"column":6},"end":{"line":16,"column":67}},"6":{"start":{"line":20,"column":27},"end":{"line":20,"column":61}},"7":{"start":{"line":21,"column":4},"end":{"line":23,"column":5}},"8":{"start":{"line":22,"column":6},"end":{"line":22,"column":83}},"9":{"start":{"line":25,"column":17},"end":{"line":25,"column":25}},"10":{"start":{"line":26,"column":17},"end":{"line":42,"column":5}},"11":{"start":{"line":44,"column":4},"end":{"line":48,"column":5}},"12":{"start":{"line":45,"column":6},"end":{"line":47,"column":7}},"13":{"start":{"line":49,"column":15},"end":{"line":49,"column":39}},"14":{"start":{"line":51,"column":4},"end":{"line":53,"column":5}},"15":{"start":{"line":55,"column":15},"end":{"line":55,"column":39}},"16":{"start":{"line":56,"column":4},"end":{"line":63,"column":5}},"17":{"start":{"line":57,"column":6},"end":{"line":60,"column":8}},"18":{"start":{"line":62,"column":6},"end":{"line":62,"column":28}},"19":{"start":{"line":64,"column":4},"end":{"line":71,"column":5}},"20":{"start":{"line":76,"column":4},"end":{"line":78,"column":5}},"21":{"start":{"line":77,"column":6},"end":{"line":77,"column":65}},"22":{"start":{"line":79,"column":15},"end":{"line":79,"column":39}},"23":{"start":{"line":80,"column":18},"end":{"line":96,"column":5}},"24":{"start":{"line":97,"column":20},"end":{"line":97,"column":41}},"25":{"start":{"line":98,"column":4},"end":{"line":109,"column":5}},"26":{"start":{"line":99,"column":23},"end":{"line":99,"column":39}},"27":{"start":{"line":100,"column":71},"end":{"line":100,"column":79}},"28":{"start":{"line":101,"column":6},"end":{"line":108,"column":7}},"29":{"start":{"line":114,"column":4},"end":{"line":116,"column":5}},"30":{"start":{"line":115,"column":6},"end":{"line":115,"column":61}},"31":{"start":{"line":117,"column":15},"end":{"line":117,"column":39}},"32":{"start":{"line":118,"column":18},"end":{"line":128,"column":5}},"33":{"start":{"line":129,"column":20},"end":{"line":129,"column":43}},"34":{"start":{"line":131,"column":4},"end":{"line":142,"column":5}},"35":{"start":{"line":132,"column":23},"end":{"line":132,"column":35}},"36":{"start":{"line":133,"column":71},"end":{"line":133,"column":79}},"37":{"start":{"line":134,"column":6},"end":{"line":141,"column":7}},"38":{"start":{"line":146,"column":15},"end":{"line":146,"column":39}},"39":{"start":{"line":148,"column":18},"end":{"line":162,"column":5}},"40":{"start":{"line":163,"column":4},"end":{"line":165,"column":5}},"41":{"start":{"line":164,"column":6},"end":{"line":164,"column":67}},"42":{"start":{"line":166,"column":20},"end":{"line":166,"column":41}},"43":{"start":{"line":168,"column":4},"end":{"line":187,"column":5}},"44":{"start":{"line":169,"column":25},"end":{"line":180,"column":8}},"45":{"start":{"line":170,"column":73},"end":{"line":170,"column":81}},"46":{"start":{"line":172,"column":8},"end":{"line":179,"column":9}},"47":{"start":{"line":182,"column":6},"end":{"line":186,"column":7}},"48":{"start":{"line":192,"column":4},"end":{"line":194,"column":5}},"49":{"start":{"line":193,"column":6},"end":{"line":193,"column":61}},"50":{"start":{"line":195,"column":15},"end":{"line":195,"column":39}},"51":{"start":{"line":196,"column":4},"end":{"line":222,"column":5}},"52":{"start":{"line":197,"column":23},"end":{"line":208,"column":8}},"53":{"start":{"line":210,"column":87},"end":{"line":210,"column":95}},"54":{"start":{"line":212,"column":6},"end":{"line":219,"column":7}},"55":{"start":{"line":221,"column":6},"end":{"line":221,"column":28}},"56":{"start":{"line":229,"column":4},"end":{"line":232,"column":5}},"57":{"start":{"line":230,"column":6},"end":{"line":230,"column":31}},"58":{"start":{"line":231,"column":6},"end":{"line":231,"column":30}},"59":{"start":{"line":234,"column":4},"end":{"line":234,"column":19}}},"fnMap":{"0":{"name":"(anonymous_0)","decl":{"start":{"line":12,"column":2},"end":{"line":12,"column":3}},"loc":{"start":{"line":12,"column":31},"end":{"line":72,"column":3}},"line":12},"1":{"name":"(anonymous_1)","decl":{"start":{"line":74,"column":2},"end":{"line":74,"column":3}},"loc":{"start":{"line":74,"column":33},"end":{"line":110,"column":3}},"line":74},"2":{"name":"(anonymous_2)","decl":{"start":{"line":112,"column":2},"end":{"line":112,"column":3}},"loc":{"start":{"line":112,"column":29},"end":{"line":143,"column":3}},"line":112},"3":{"name":"(anonymous_3)","decl":{"start":{"line":145,"column":2},"end":{"line":145,"column":3}},"loc":{"start":{"line":145,"column":53},"end":{"line":188,"column":3}},"line":145},"4":{"name":"(anonymous_4)","decl":{"start":{"line":169,"column":43},"end":{"line":169,"column":44}},"loc":{"start":{"line":169,"column":55},"end":{"line":180,"column":7}},"line":169},"5":{"name":"(anonymous_5)","decl":{"start":{"line":190,"column":2},"end":{"line":190,"column":3}},"loc":{"start":{"line":190,"column":28},"end":{"line":223,"column":3}},"line":190},"6":{"name":"(anonymous_6)","decl":{"start":{"line":228,"column":2},"end":{"line":228,"column":3}},"loc":{"start":{"line":228,"column":23},"end":{"line":235,"column":3}},"line":228}},"branchMap":{"0":{"loc":{"start":{"line":7,"column":18},"end":{"line":7,"column":80}},"type":"cond-expr","locations":[{"start":{"line":7,"column":52},"end":{"line":7,"column":67}},{"start":{"line":7,"column":70},"end":{"line":7,"column":80}}],"line":7},"1":{"loc":{"start":{"line":15,"column":4},"end":{"line":17,"column":5}},"type":"if","locations":[{"start":{"line":15,"column":4},"end":{"line":17,"column":5}},{"start":{"line":15,"column":4},"end":{"line":17,"column":5}}],"line":15},"2":{"loc":{"start":{"line":21,"column":4},"end":{"line":23,"column":5}},"type":"if","locations":[{"start":{"line":21,"column":4},"end":{"line":23,"column":5}},{"start":{"line":21,"column":4},"end":{"line":23,"column":5}}],"line":21},"3":{"loc":{"start":{"line":21,"column":8},"end":{"line":21,"column":29}},"type":"binary-expr","locations":[{"start":{"line":21,"column":8},"end":{"line":21,"column":11}},{"start":{"line":21,"column":15},"end":{"line":21,"column":29}}],"line":21},"4":{"loc":{"start":{"line":34,"column":11},"end":{"line":34,"column":47}},"type":"cond-expr","locations":[{"start":{"line":34,"column":22},"end":{"line":34,"column":41}},{"start":{"line":34,"column":44},"end":{"line":34,"column":47}}],"line":34},"5":{"loc":{"start":{"line":44,"column":4},"end":{"line":48,"column":5}},"type":"if","locations":[{"start":{"line":44,"column":4},"end":{"line":48,"column":5}},{"start":{"line":44,"column":4},"end":{"line":48,"column":5}}],"line":44},"6":{"loc":{"start":{"line":49,"column":15},"end":{"line":49,"column":39}},"type":"binary-expr","locations":[{"start":{"line":49,"column":15},"end":{"line":49,"column":17}},{"start":{"line":49,"column":21},"end":{"line":49,"column":39}}],"line":49},"7":{"loc":{"start":{"line":76,"column":4},"end":{"line":78,"column":5}},"type":"if","locations":[{"start":{"line":76,"column":4},"end":{"line":78,"column":5}},{"start":{"line":76,"column":4},"end":{"line":78,"column":5}}],"line":76},"8":{"loc":{"start":{"line":98,"column":4},"end":{"line":109,"column":5}},"type":"if","locations":[{"start":{"line":98,"column":4},"end":{"line":109,"column":5}},{"start":{"line":98,"column":4},"end":{"line":109,"column":5}}],"line":98},"9":{"loc":{"start":{"line":98,"column":8},"end":{"line":98,"column":60}},"type":"binary-expr","locations":[{"start":{"line":98,"column":8},"end":{"line":98,"column":15}},{"start":{"line":98,"column":19},"end":{"line":98,"column":32}},{"start":{"line":98,"column":36},"end":{"line":98,"column":60}}],"line":98},"10":{"loc":{"start":{"line":103,"column":14},"end":{"line":103,"column":28}},"type":"binary-expr","locations":[{"start":{"line":103,"column":14},"end":{"line":103,"column":18}},{"start":{"line":103,"column":22},"end":{"line":103,"column":28}}],"line":103},"11":{"loc":{"start":{"line":104,"column":18},"end":{"line":104,"column":40}},"type":"binary-expr","locations":[{"start":{"line":104,"column":18},"end":{"line":104,"column":26}},{"start":{"line":104,"column":30},"end":{"line":104,"column":40}}],"line":104},"12":{"loc":{"start":{"line":105,"column":21},"end":{"line":105,"column":49}},"type":"binary-expr","locations":[{"start":{"line":105,"column":21},"end":{"line":105,"column":32}},{"start":{"line":105,"column":36},"end":{"line":105,"column":49}}],"line":105},"13":{"loc":{"start":{"line":106,"column":19},"end":{"line":106,"column":43}},"type":"binary-expr","locations":[{"start":{"line":106,"column":19},"end":{"line":106,"column":28}},{"start":{"line":106,"column":32},"end":{"line":106,"column":43}}],"line":106},"14":{"loc":{"start":{"line":114,"column":4},"end":{"line":116,"column":5}},"type":"if","locations":[{"start":{"line":114,"column":4},"end":{"line":116,"column":5}},{"start":{"line":114,"column":4},"end":{"line":116,"column":5}}],"line":114},"15":{"loc":{"start":{"line":131,"column":4},"end":{"line":142,"column":5}},"type":"if","locations":[{"start":{"line":131,"column":4},"end":{"line":142,"column":5}},{"start":{"line":131,"column":4},"end":{"line":142,"column":5}}],"line":131},"16":{"loc":{"start":{"line":131,"column":8},"end":{"line":131,"column":31}},"type":"binary-expr","locations":[{"start":{"line":131,"column":8},"end":{"line":131,"column":15}},{"start":{"line":131,"column":19},"end":{"line":131,"column":31}}],"line":131},"17":{"loc":{"start":{"line":136,"column":14},"end":{"line":136,"column":28}},"type":"binary-expr","locations":[{"start":{"line":136,"column":14},"end":{"line":136,"column":18}},{"start":{"line":136,"column":22},"end":{"line":136,"column":28}}],"line":136},"18":{"loc":{"start":{"line":137,"column":18},"end":{"line":137,"column":40}},"type":"binary-expr","locations":[{"start":{"line":137,"column":18},"end":{"line":137,"column":26}},{"start":{"line":137,"column":30},"end":{"line":137,"column":40}}],"line":137},"19":{"loc":{"start":{"line":138,"column":21},"end":{"line":138,"column":49}},"type":"binary-expr","locations":[{"start":{"line":138,"column":21},"end":{"line":138,"column":32}},{"start":{"line":138,"column":36},"end":{"line":138,"column":49}}],"line":138},"20":{"loc":{"start":{"line":139,"column":19},"end":{"line":139,"column":43}},"type":"binary-expr","locations":[{"start":{"line":139,"column":19},"end":{"line":139,"column":28}},{"start":{"line":139,"column":32},"end":{"line":139,"column":43}}],"line":139},"21":{"loc":{"start":{"line":140,"column":19},"end":{"line":140,"column":41}},"type":"binary-expr","locations":[{"start":{"line":140,"column":19},"end":{"line":140,"column":27}},{"start":{"line":140,"column":31},"end":{"line":140,"column":41}}],"line":140},"22":{"loc":{"start":{"line":163,"column":4},"end":{"line":165,"column":5}},"type":"if","locations":[{"start":{"line":163,"column":4},"end":{"line":165,"column":5}},{"start":{"line":163,"column":4},"end":{"line":165,"column":5}}],"line":163},"23":{"loc":{"start":{"line":168,"column":4},"end":{"line":187,"column":5}},"type":"if","locations":[{"start":{"line":168,"column":4},"end":{"line":187,"column":5}},{"start":{"line":168,"column":4},"end":{"line":187,"column":5}}],"line":168},"24":{"loc":{"start":{"line":168,"column":8},"end":{"line":168,"column":60}},"type":"binary-expr","locations":[{"start":{"line":168,"column":8},"end":{"line":168,"column":15}},{"start":{"line":168,"column":19},"end":{"line":168,"column":32}},{"start":{"line":168,"column":36},"end":{"line":168,"column":60}}],"line":168},"25":{"loc":{"start":{"line":174,"column":16},"end":{"line":174,"column":30}},"type":"binary-expr","locations":[{"start":{"line":174,"column":16},"end":{"line":174,"column":20}},{"start":{"line":174,"column":24},"end":{"line":174,"column":30}}],"line":174},"26":{"loc":{"start":{"line":175,"column":20},"end":{"line":175,"column":42}},"type":"binary-expr","locations":[{"start":{"line":175,"column":20},"end":{"line":175,"column":28}},{"start":{"line":175,"column":32},"end":{"line":175,"column":42}}],"line":175},"27":{"loc":{"start":{"line":176,"column":23},"end":{"line":176,"column":51}},"type":"binary-expr","locations":[{"start":{"line":176,"column":23},"end":{"line":176,"column":34}},{"start":{"line":176,"column":38},"end":{"line":176,"column":51}}],"line":176},"28":{"loc":{"start":{"line":177,"column":21},"end":{"line":177,"column":45}},"type":"binary-expr","locations":[{"start":{"line":177,"column":21},"end":{"line":177,"column":30}},{"start":{"line":177,"column":34},"end":{"line":177,"column":45}}],"line":177},"29":{"loc":{"start":{"line":178,"column":21},"end":{"line":178,"column":43}},"type":"binary-expr","locations":[{"start":{"line":178,"column":21},"end":{"line":178,"column":29}},{"start":{"line":178,"column":33},"end":{"line":178,"column":43}}],"line":178},"30":{"loc":{"start":{"line":192,"column":4},"end":{"line":194,"column":5}},"type":"if","locations":[{"start":{"line":192,"column":4},"end":{"line":194,"column":5}},{"start":{"line":192,"column":4},"end":{"line":194,"column":5}}],"line":192},"31":{"loc":{"start":{"line":214,"column":14},"end":{"line":214,"column":28}},"type":"binary-expr","locations":[{"start":{"line":214,"column":14},"end":{"line":214,"column":18}},{"start":{"line":214,"column":22},"end":{"line":214,"column":28}}],"line":214},"32":{"loc":{"start":{"line":215,"column":18},"end":{"line":215,"column":40}},"type":"binary-expr","locations":[{"start":{"line":215,"column":18},"end":{"line":215,"column":26}},{"start":{"line":215,"column":30},"end":{"line":215,"column":40}}],"line":215},"33":{"loc":{"start":{"line":216,"column":21},"end":{"line":216,"column":49}},"type":"binary-expr","locations":[{"start":{"line":216,"column":21},"end":{"line":216,"column":32}},{"start":{"line":216,"column":36},"end":{"line":216,"column":49}}],"line":216},"34":{"loc":{"start":{"line":217,"column":19},"end":{"line":217,"column":43}},"type":"binary-expr","locations":[{"start":{"line":217,"column":19},"end":{"line":217,"column":28}},{"start":{"line":217,"column":32},"end":{"line":217,"column":43}}],"line":217},"35":{"loc":{"start":{"line":218,"column":19},"end":{"line":218,"column":41}},"type":"binary-expr","locations":[{"start":{"line":218,"column":19},"end":{"line":218,"column":27}},{"start":{"line":218,"column":31},"end":{"line":218,"column":41}}],"line":218},"36":{"loc":{"start":{"line":229,"column":4},"end":{"line":232,"column":5}},"type":"if","locations":[{"start":{"line":229,"column":4},"end":{"line":232,"column":5}},{"start":{"line":229,"column":4},"end":{"line":232,"column":5}}],"line":229}},"s":{"0":3,"1":3,"2":3,"3":0,"4":0,"5":0,"6":0,"7":0,"8":0,"9":0,"10":0,"11":0,"12":0,"13":0,"14":0,"15":0,"16":0,"17":0,"18":0,"19":0,"20":0,"21":0,"22":0,"23":0,"24":0,"25":0,"26":0,"27":0,"28":0,"29":0,"30":0,"31":0,"32":0,"33":0,"34":0,"35":0,"36":0,"37":0,"38":0,"39":0,"40":0,"41":0,"42":0,"43":0,"44":0,"45":0,"46":0,"47":0,"48":0,"49":0,"50":0,"51":0,"52":0,"53":0,"54":0,"55":0,"56":0,"57":0,"58":0,"59":0},"f":{"0":0,"1":0,"2":0,"3":0,"4":0,"5":0,"6":0},"b":{"0":[3,0],"1":[0,0],"2":[0,0],"3":[0,0],"4":[0,0],"5":[0,0],"6":[0,0],"7":[0,0],"8":[0,0],"9":[0,0,0],"10":[0,0],"11":[0,0],"12":[0,0],"13":[0,0],"14":[0,0],"15":[0,0],"16":[0,0],"17":[0,0],"18":[0,0],"19":[0,0],"20":[0,0],"21":[0,0],"22":[0,0],"23":[0,0],"24":[0,0,0],"25":[0,0],"26":[0,0],"27":[0,0],"28":[0,0],"29":[0,0],"30":[0,0],"31":[0,0],"32":[0,0],"33":[0,0],"34":[0,0],"35":[0,0],"36":[0,0]},"_coverageSchema":"43e27e138ebf9cfc5966b082cf9a028302ed4184","hash":"daee04e9f16bb2d9f7052f5090bb5c9fb79bea64"}
,"/Users/vuongnguyen/Data/training/nodejs/nodejs-training/shopping-server/src/models/Product.js": {"path":"/Users/vuongnguyen/Data/training/nodejs/nodejs-training/shopping-server/src/models/Product.js","statementMap":{"0":{"start":{"line":7,"column":18},"end":{"line":7,"column":80}},"1":{"start":{"line":8,"column":23},"end":{"line":8,"column":30}},"2":{"start":{"line":12,"column":109},"end":{"line":12,"column":116}},"3":{"start":{"line":14,"column":4},"end":{"line":16,"column":5}},"4":{"start":{"line":15,"column":6},"end":{"line":15,"column":66}},"5":{"start":{"line":18,"column":17},"end":{"line":18,"column":25}},"6":{"start":{"line":19,"column":17},"end":{"line":47,"column":5}},"7":{"start":{"line":49,"column":4},"end":{"line":53,"column":5}},"8":{"start":{"line":50,"column":6},"end":{"line":52,"column":7}},"9":{"start":{"line":55,"column":4},"end":{"line":59,"column":5}},"10":{"start":{"line":56,"column":6},"end":{"line":58,"column":7}},"11":{"start":{"line":61,"column":15},"end":{"line":61,"column":38}},"12":{"start":{"line":63,"column":4},"end":{"line":65,"column":5}},"13":{"start":{"line":67,"column":18},"end":{"line":72,"column":5}},"14":{"start":{"line":74,"column":15},"end":{"line":74,"column":39}},"15":{"start":{"line":75,"column":4},"end":{"line":87,"column":5}},"16":{"start":{"line":76,"column":6},"end":{"line":79,"column":8}},"17":{"start":{"line":81,"column":6},"end":{"line":84,"column":8}},"18":{"start":{"line":86,"column":6},"end":{"line":86,"column":28}},"19":{"start":{"line":88,"column":4},"end":{"line":99,"column":5}},"20":{"start":{"line":104,"column":4},"end":{"line":106,"column":5}},"21":{"start":{"line":105,"column":6},"end":{"line":105,"column":60}},"22":{"start":{"line":107,"column":15},"end":{"line":107,"column":39}},"23":{"start":{"line":108,"column":18},"end":{"line":118,"column":5}},"24":{"start":{"line":119,"column":20},"end":{"line":119,"column":43}},"25":{"start":{"line":121,"column":4},"end":{"line":137,"column":5}},"26":{"start":{"line":122,"column":22},"end":{"line":122,"column":34}},"27":{"start":{"line":123,"column":108},"end":{"line":123,"column":115}},"28":{"start":{"line":124,"column":6},"end":{"line":136,"column":7}},"29":{"start":{"line":142,"column":4},"end":{"line":144,"column":5}},"30":{"start":{"line":143,"column":6},"end":{"line":143,"column":68}},"31":{"start":{"line":146,"column":20},"end":{"line":146,"column":49}},"32":{"start":{"line":147,"column":4},"end":{"line":149,"column":5}},"33":{"start":{"line":148,"column":6},"end":{"line":148,"column":49}},"34":{"start":{"line":151,"column":15},"end":{"line":151,"column":39}},"35":{"start":{"line":152,"column":18},"end":{"line":173,"column":5}},"36":{"start":{"line":174,"column":19},"end":{"line":182,"column":5}},"37":{"start":{"line":183,"column":20},"end":{"line":183,"column":46}},"38":{"start":{"line":184,"column":4},"end":{"line":184,"column":31}},"39":{"start":{"line":188,"column":8},"end":{"line":188,"column":15}},"40":{"start":{"line":189,"column":4},"end":{"line":203,"column":5}},"41":{"start":{"line":207,"column":35},"end":{"line":207,"column":41}},"42":{"start":{"line":208,"column":15},"end":{"line":208,"column":39}},"43":{"start":{"line":209,"column":25},"end":{"line":209,"column":79}},"44":{"start":{"line":211,"column":18},"end":{"line":225,"column":5}},"45":{"start":{"line":227,"column":27},"end":{"line":227,"column":29}},"46":{"start":{"line":230,"column":4},"end":{"line":236,"column":5}},"47":{"start":{"line":231,"column":6},"end":{"line":233,"column":7}},"48":{"start":{"line":234,"column":6},"end":{"line":234,"column":54}},"49":{"start":{"line":235,"column":6},"end":{"line":235,"column":46}},"50":{"start":{"line":239,"column":4},"end":{"line":245,"column":5}},"51":{"start":{"line":240,"column":6},"end":{"line":242,"column":7}},"52":{"start":{"line":243,"column":6},"end":{"line":243,"column":58}},"53":{"start":{"line":244,"column":6},"end":{"line":244,"column":109}},"54":{"start":{"line":248,"column":4},"end":{"line":250,"column":5}},"55":{"start":{"line":249,"column":6},"end":{"line":249,"column":47}},"56":{"start":{"line":253,"column":4},"end":{"line":255,"column":5}},"57":{"start":{"line":254,"column":6},"end":{"line":254,"column":67}},"58":{"start":{"line":256,"column":20},"end":{"line":256,"column":41}},"59":{"start":{"line":258,"column":4},"end":{"line":282,"column":5}},"60":{"start":{"line":259,"column":23},"end":{"line":275,"column":8}},"61":{"start":{"line":260,"column":123},"end":{"line":260,"column":130}},"62":{"start":{"line":261,"column":8},"end":{"line":274,"column":9}},"63":{"start":{"line":277,"column":6},"end":{"line":281,"column":7}},"64":{"start":{"line":287,"column":4},"end":{"line":289,"column":5}},"65":{"start":{"line":288,"column":6},"end":{"line":288,"column":68}},"66":{"start":{"line":290,"column":15},"end":{"line":290,"column":39}},"67":{"start":{"line":291,"column":4},"end":{"line":335,"column":5}},"68":{"start":{"line":292,"column":22},"end":{"line":303,"column":8}},"69":{"start":{"line":305,"column":6},"end":{"line":315,"column":8}},"70":{"start":{"line":317,"column":137},"end":{"line":317,"column":144}},"71":{"start":{"line":319,"column":6},"end":{"line":332,"column":7}},"72":{"start":{"line":334,"column":6},"end":{"line":334,"column":28}},"73":{"start":{"line":342,"column":4},"end":{"line":345,"column":5}},"74":{"start":{"line":343,"column":6},"end":{"line":343,"column":31}},"75":{"start":{"line":344,"column":6},"end":{"line":344,"column":30}},"76":{"start":{"line":347,"column":4},"end":{"line":347,"column":19}}},"fnMap":{"0":{"name":"(anonymous_0)","decl":{"start":{"line":11,"column":2},"end":{"line":11,"column":3}},"loc":{"start":{"line":11,"column":29},"end":{"line":100,"column":3}},"line":11},"1":{"name":"(anonymous_1)","decl":{"start":{"line":102,"column":2},"end":{"line":102,"column":3}},"loc":{"start":{"line":102,"column":28},"end":{"line":138,"column":3}},"line":102},"2":{"name":"(anonymous_2)","decl":{"start":{"line":140,"column":2},"end":{"line":140,"column":3}},"loc":{"start":{"line":140,"column":63},"end":{"line":204,"column":3}},"line":140},"3":{"name":"(anonymous_3)","decl":{"start":{"line":206,"column":2},"end":{"line":206,"column":3}},"loc":{"start":{"line":206,"column":64},"end":{"line":283,"column":3}},"line":206},"4":{"name":"(anonymous_4)","decl":{"start":{"line":259,"column":41},"end":{"line":259,"column":42}},"loc":{"start":{"line":259,"column":52},"end":{"line":275,"column":7}},"line":259},"5":{"name":"(anonymous_5)","decl":{"start":{"line":285,"column":2},"end":{"line":285,"column":3}},"loc":{"start":{"line":285,"column":35},"end":{"line":336,"column":3}},"line":285},"6":{"name":"(anonymous_6)","decl":{"start":{"line":341,"column":2},"end":{"line":341,"column":3}},"loc":{"start":{"line":341,"column":23},"end":{"line":348,"column":3}},"line":341}},"branchMap":{"0":{"loc":{"start":{"line":7,"column":18},"end":{"line":7,"column":80}},"type":"cond-expr","locations":[{"start":{"line":7,"column":52},"end":{"line":7,"column":67}},{"start":{"line":7,"column":70},"end":{"line":7,"column":80}}],"line":7},"1":{"loc":{"start":{"line":14,"column":4},"end":{"line":16,"column":5}},"type":"if","locations":[{"start":{"line":14,"column":4},"end":{"line":16,"column":5}},{"start":{"line":14,"column":4},"end":{"line":16,"column":5}}],"line":14},"2":{"loc":{"start":{"line":14,"column":8},"end":{"line":14,"column":28}},"type":"binary-expr","locations":[{"start":{"line":14,"column":8},"end":{"line":14,"column":13}},{"start":{"line":14,"column":17},"end":{"line":14,"column":28}}],"line":14},"3":{"loc":{"start":{"line":30,"column":11},"end":{"line":30,"column":41}},"type":"cond-expr","locations":[{"start":{"line":30,"column":19},"end":{"line":30,"column":35}},{"start":{"line":30,"column":38},"end":{"line":30,"column":41}}],"line":30},"4":{"loc":{"start":{"line":33,"column":11},"end":{"line":33,"column":43}},"type":"cond-expr","locations":[{"start":{"line":33,"column":20},"end":{"line":33,"column":37}},{"start":{"line":33,"column":40},"end":{"line":33,"column":43}}],"line":33},"5":{"loc":{"start":{"line":36,"column":11},"end":{"line":36,"column":47}},"type":"cond-expr","locations":[{"start":{"line":36,"column":22},"end":{"line":36,"column":41}},{"start":{"line":36,"column":44},"end":{"line":36,"column":47}}],"line":36},"6":{"loc":{"start":{"line":42,"column":11},"end":{"line":42,"column":49}},"type":"cond-expr","locations":[{"start":{"line":42,"column":20},"end":{"line":42,"column":37}},{"start":{"line":42,"column":40},"end":{"line":42,"column":49}}],"line":42},"7":{"loc":{"start":{"line":49,"column":4},"end":{"line":53,"column":5}},"type":"if","locations":[{"start":{"line":49,"column":4},"end":{"line":53,"column":5}},{"start":{"line":49,"column":4},"end":{"line":53,"column":5}}],"line":49},"8":{"loc":{"start":{"line":55,"column":4},"end":{"line":59,"column":5}},"type":"if","locations":[{"start":{"line":55,"column":4},"end":{"line":59,"column":5}},{"start":{"line":55,"column":4},"end":{"line":59,"column":5}}],"line":55},"9":{"loc":{"start":{"line":61,"column":15},"end":{"line":61,"column":38}},"type":"binary-expr","locations":[{"start":{"line":61,"column":15},"end":{"line":61,"column":17}},{"start":{"line":61,"column":21},"end":{"line":61,"column":38}}],"line":61},"10":{"loc":{"start":{"line":94,"column":13},"end":{"line":94,"column":23}},"type":"binary-expr","locations":[{"start":{"line":94,"column":13},"end":{"line":94,"column":18}},{"start":{"line":94,"column":22},"end":{"line":94,"column":23}}],"line":94},"11":{"loc":{"start":{"line":95,"column":14},"end":{"line":95,"column":25}},"type":"binary-expr","locations":[{"start":{"line":95,"column":14},"end":{"line":95,"column":20}},{"start":{"line":95,"column":24},"end":{"line":95,"column":25}}],"line":95},"12":{"loc":{"start":{"line":96,"column":16},"end":{"line":96,"column":29}},"type":"binary-expr","locations":[{"start":{"line":96,"column":16},"end":{"line":96,"column":24}},{"start":{"line":96,"column":28},"end":{"line":96,"column":29}}],"line":96},"13":{"loc":{"start":{"line":104,"column":4},"end":{"line":106,"column":5}},"type":"if","locations":[{"start":{"line":104,"column":4},"end":{"line":106,"column":5}},{"start":{"line":104,"column":4},"end":{"line":106,"column":5}}],"line":104},"14":{"loc":{"start":{"line":121,"column":4},"end":{"line":137,"column":5}},"type":"if","locations":[{"start":{"line":121,"column":4},"end":{"line":137,"column":5}},{"start":{"line":121,"column":4},"end":{"line":137,"column":5}}],"line":121},"15":{"loc":{"start":{"line":121,"column":8},"end":{"line":121,"column":31}},"type":"binary-expr","locations":[{"start":{"line":121,"column":8},"end":{"line":121,"column":15}},{"start":{"line":121,"column":19},"end":{"line":121,"column":31}}],"line":121},"16":{"loc":{"start":{"line":126,"column":20},"end":{"line":126,"column":34}},"type":"binary-expr","locations":[{"start":{"line":126,"column":20},"end":{"line":126,"column":24}},{"start":{"line":126,"column":28},"end":{"line":126,"column":34}}],"line":126},"17":{"loc":{"start":{"line":127,"column":14},"end":{"line":127,"column":28}},"type":"binary-expr","locations":[{"start":{"line":127,"column":14},"end":{"line":127,"column":18}},{"start":{"line":127,"column":22},"end":{"line":127,"column":28}}],"line":127},"18":{"loc":{"start":{"line":128,"column":15},"end":{"line":128,"column":31}},"type":"binary-expr","locations":[{"start":{"line":128,"column":15},"end":{"line":128,"column":20}},{"start":{"line":128,"column":24},"end":{"line":128,"column":31}}],"line":128},"19":{"loc":{"start":{"line":129,"column":16},"end":{"line":129,"column":34}},"type":"binary-expr","locations":[{"start":{"line":129,"column":16},"end":{"line":129,"column":22}},{"start":{"line":129,"column":26},"end":{"line":129,"column":34}}],"line":129},"20":{"loc":{"start":{"line":130,"column":18},"end":{"line":130,"column":40}},"type":"binary-expr","locations":[{"start":{"line":130,"column":18},"end":{"line":130,"column":26}},{"start":{"line":130,"column":30},"end":{"line":130,"column":40}}],"line":130},"21":{"loc":{"start":{"line":131,"column":19},"end":{"line":131,"column":41}},"type":"binary-expr","locations":[{"start":{"line":131,"column":19},"end":{"line":131,"column":27}},{"start":{"line":131,"column":31},"end":{"line":131,"column":41}}],"line":131},"22":{"loc":{"start":{"line":132,"column":16},"end":{"line":132,"column":34}},"type":"binary-expr","locations":[{"start":{"line":132,"column":16},"end":{"line":132,"column":22}},{"start":{"line":132,"column":26},"end":{"line":132,"column":34}}],"line":132},"23":{"loc":{"start":{"line":133,"column":16},"end":{"line":133,"column":34}},"type":"binary-expr","locations":[{"start":{"line":133,"column":16},"end":{"line":133,"column":22}},{"start":{"line":133,"column":26},"end":{"line":133,"column":34}}],"line":133},"24":{"loc":{"start":{"line":134,"column":21},"end":{"line":134,"column":49}},"type":"binary-expr","locations":[{"start":{"line":134,"column":21},"end":{"line":134,"column":32}},{"start":{"line":134,"column":36},"end":{"line":134,"column":49}}],"line":134},"25":{"loc":{"start":{"line":135,"column":19},"end":{"line":135,"column":43}},"type":"binary-expr","locations":[{"start":{"line":135,"column":19},"end":{"line":135,"column":28}},{"start":{"line":135,"column":32},"end":{"line":135,"column":43}}],"line":135},"26":{"loc":{"start":{"line":142,"column":4},"end":{"line":144,"column":5}},"type":"if","locations":[{"start":{"line":142,"column":4},"end":{"line":144,"column":5}},{"start":{"line":142,"column":4},"end":{"line":144,"column":5}}],"line":142},"27":{"loc":{"start":{"line":142,"column":8},"end":{"line":142,"column":22}},"type":"binary-expr","locations":[{"start":{"line":142,"column":8},"end":{"line":142,"column":11}},{"start":{"line":142,"column":15},"end":{"line":142,"column":22}}],"line":142},"28":{"loc":{"start":{"line":147,"column":4},"end":{"line":149,"column":5}},"type":"if","locations":[{"start":{"line":147,"column":4},"end":{"line":149,"column":5}},{"start":{"line":147,"column":4},"end":{"line":149,"column":5}}],"line":147},"29":{"loc":{"start":{"line":191,"column":18},"end":{"line":191,"column":32}},"type":"binary-expr","locations":[{"start":{"line":191,"column":18},"end":{"line":191,"column":22}},{"start":{"line":191,"column":26},"end":{"line":191,"column":32}}],"line":191},"30":{"loc":{"start":{"line":192,"column":12},"end":{"line":192,"column":26}},"type":"binary-expr","locations":[{"start":{"line":192,"column":12},"end":{"line":192,"column":16}},{"start":{"line":192,"column":20},"end":{"line":192,"column":26}}],"line":192},"31":{"loc":{"start":{"line":193,"column":13},"end":{"line":193,"column":29}},"type":"binary-expr","locations":[{"start":{"line":193,"column":13},"end":{"line":193,"column":18}},{"start":{"line":193,"column":22},"end":{"line":193,"column":29}}],"line":193},"32":{"loc":{"start":{"line":194,"column":14},"end":{"line":194,"column":32}},"type":"binary-expr","locations":[{"start":{"line":194,"column":14},"end":{"line":194,"column":20}},{"start":{"line":194,"column":24},"end":{"line":194,"column":32}}],"line":194},"33":{"loc":{"start":{"line":195,"column":16},"end":{"line":195,"column":38}},"type":"binary-expr","locations":[{"start":{"line":195,"column":16},"end":{"line":195,"column":24}},{"start":{"line":195,"column":28},"end":{"line":195,"column":38}}],"line":195},"34":{"loc":{"start":{"line":196,"column":17},"end":{"line":196,"column":45}},"type":"binary-expr","locations":[{"start":{"line":196,"column":17},"end":{"line":196,"column":28}},{"start":{"line":196,"column":32},"end":{"line":196,"column":45}}],"line":196},"35":{"loc":{"start":{"line":197,"column":14},"end":{"line":197,"column":38}},"type":"binary-expr","locations":[{"start":{"line":197,"column":14},"end":{"line":197,"column":23}},{"start":{"line":197,"column":27},"end":{"line":197,"column":38}}],"line":197},"36":{"loc":{"start":{"line":198,"column":14},"end":{"line":198,"column":32}},"type":"binary-expr","locations":[{"start":{"line":198,"column":14},"end":{"line":198,"column":20}},{"start":{"line":198,"column":24},"end":{"line":198,"column":32}}],"line":198},"37":{"loc":{"start":{"line":199,"column":19},"end":{"line":199,"column":47}},"type":"binary-expr","locations":[{"start":{"line":199,"column":19},"end":{"line":199,"column":30}},{"start":{"line":199,"column":34},"end":{"line":199,"column":47}}],"line":199},"38":{"loc":{"start":{"line":200,"column":17},"end":{"line":200,"column":41}},"type":"binary-expr","locations":[{"start":{"line":200,"column":17},"end":{"line":200,"column":26}},{"start":{"line":200,"column":30},"end":{"line":200,"column":41}}],"line":200},"39":{"loc":{"start":{"line":201,"column":17},"end":{"line":201,"column":41}},"type":"binary-expr","locations":[{"start":{"line":201,"column":17},"end":{"line":201,"column":26}},{"start":{"line":201,"column":30},"end":{"line":201,"column":41}}],"line":201},"40":{"loc":{"start":{"line":202,"column":19},"end":{"line":202,"column":47}},"type":"binary-expr","locations":[{"start":{"line":202,"column":19},"end":{"line":202,"column":30}},{"start":{"line":202,"column":34},"end":{"line":202,"column":47}}],"line":202},"41":{"loc":{"start":{"line":206,"column":23},"end":{"line":206,"column":34}},"type":"default-arg","locations":[{"start":{"line":206,"column":32},"end":{"line":206,"column":34}}],"line":206},"42":{"loc":{"start":{"line":209,"column":25},"end":{"line":209,"column":79}},"type":"cond-expr","locations":[{"start":{"line":209,"column":34},"end":{"line":209,"column":60}},{"start":{"line":209,"column":63},"end":{"line":209,"column":79}}],"line":209},"43":{"loc":{"start":{"line":230,"column":4},"end":{"line":236,"column":5}},"type":"if","locations":[{"start":{"line":230,"column":4},"end":{"line":236,"column":5}},{"start":{"line":230,"column":4},"end":{"line":236,"column":5}}],"line":230},"44":{"loc":{"start":{"line":239,"column":4},"end":{"line":245,"column":5}},"type":"if","locations":[{"start":{"line":239,"column":4},"end":{"line":245,"column":5}},{"start":{"line":239,"column":4},"end":{"line":245,"column":5}}],"line":239},"45":{"loc":{"start":{"line":244,"column":25},"end":{"line":244,"column":109}},"type":"cond-expr","locations":[{"start":{"line":244,"column":44},"end":{"line":244,"column":87}},{"start":{"line":244,"column":90},"end":{"line":244,"column":109}}],"line":244},"46":{"loc":{"start":{"line":248,"column":4},"end":{"line":250,"column":5}},"type":"if","locations":[{"start":{"line":248,"column":4},"end":{"line":250,"column":5}},{"start":{"line":248,"column":4},"end":{"line":250,"column":5}}],"line":248},"47":{"loc":{"start":{"line":253,"column":4},"end":{"line":255,"column":5}},"type":"if","locations":[{"start":{"line":253,"column":4},"end":{"line":255,"column":5}},{"start":{"line":253,"column":4},"end":{"line":255,"column":5}}],"line":253},"48":{"loc":{"start":{"line":258,"column":4},"end":{"line":282,"column":5}},"type":"if","locations":[{"start":{"line":258,"column":4},"end":{"line":282,"column":5}},{"start":{"line":258,"column":4},"end":{"line":282,"column":5}}],"line":258},"49":{"loc":{"start":{"line":258,"column":8},"end":{"line":258,"column":60}},"type":"binary-expr","locations":[{"start":{"line":258,"column":8},"end":{"line":258,"column":15}},{"start":{"line":258,"column":19},"end":{"line":258,"column":32}},{"start":{"line":258,"column":36},"end":{"line":258,"column":60}}],"line":258},"50":{"loc":{"start":{"line":263,"column":22},"end":{"line":263,"column":36}},"type":"binary-expr","locations":[{"start":{"line":263,"column":22},"end":{"line":263,"column":26}},{"start":{"line":263,"column":30},"end":{"line":263,"column":36}}],"line":263},"51":{"loc":{"start":{"line":264,"column":16},"end":{"line":264,"column":30}},"type":"binary-expr","locations":[{"start":{"line":264,"column":16},"end":{"line":264,"column":20}},{"start":{"line":264,"column":24},"end":{"line":264,"column":30}}],"line":264},"52":{"loc":{"start":{"line":265,"column":17},"end":{"line":265,"column":33}},"type":"binary-expr","locations":[{"start":{"line":265,"column":17},"end":{"line":265,"column":22}},{"start":{"line":265,"column":26},"end":{"line":265,"column":33}}],"line":265},"53":{"loc":{"start":{"line":266,"column":18},"end":{"line":266,"column":36}},"type":"binary-expr","locations":[{"start":{"line":266,"column":18},"end":{"line":266,"column":24}},{"start":{"line":266,"column":28},"end":{"line":266,"column":36}}],"line":266},"54":{"loc":{"start":{"line":267,"column":20},"end":{"line":267,"column":42}},"type":"binary-expr","locations":[{"start":{"line":267,"column":20},"end":{"line":267,"column":28}},{"start":{"line":267,"column":32},"end":{"line":267,"column":42}}],"line":267},"55":{"loc":{"start":{"line":268,"column":22},"end":{"line":268,"column":44}},"type":"binary-expr","locations":[{"start":{"line":268,"column":22},"end":{"line":268,"column":30}},{"start":{"line":268,"column":34},"end":{"line":268,"column":44}}],"line":268},"56":{"loc":{"start":{"line":269,"column":18},"end":{"line":269,"column":36}},"type":"binary-expr","locations":[{"start":{"line":269,"column":18},"end":{"line":269,"column":24}},{"start":{"line":269,"column":28},"end":{"line":269,"column":36}}],"line":269},"57":{"loc":{"start":{"line":270,"column":18},"end":{"line":270,"column":36}},"type":"binary-expr","locations":[{"start":{"line":270,"column":18},"end":{"line":270,"column":24}},{"start":{"line":270,"column":28},"end":{"line":270,"column":36}}],"line":270},"58":{"loc":{"start":{"line":271,"column":23},"end":{"line":271,"column":51}},"type":"binary-expr","locations":[{"start":{"line":271,"column":23},"end":{"line":271,"column":34}},{"start":{"line":271,"column":38},"end":{"line":271,"column":51}}],"line":271},"59":{"loc":{"start":{"line":272,"column":21},"end":{"line":272,"column":45}},"type":"binary-expr","locations":[{"start":{"line":272,"column":21},"end":{"line":272,"column":30}},{"start":{"line":272,"column":34},"end":{"line":272,"column":45}}],"line":272},"60":{"loc":{"start":{"line":273,"column":23},"end":{"line":273,"column":51}},"type":"binary-expr","locations":[{"start":{"line":273,"column":23},"end":{"line":273,"column":34}},{"start":{"line":273,"column":38},"end":{"line":273,"column":51}}],"line":273},"61":{"loc":{"start":{"line":287,"column":4},"end":{"line":289,"column":5}},"type":"if","locations":[{"start":{"line":287,"column":4},"end":{"line":289,"column":5}},{"start":{"line":287,"column":4},"end":{"line":289,"column":5}}],"line":287},"62":{"loc":{"start":{"line":287,"column":8},"end":{"line":287,"column":21}},"type":"binary-expr","locations":[{"start":{"line":287,"column":8},"end":{"line":287,"column":11}},{"start":{"line":287,"column":15},"end":{"line":287,"column":21}}],"line":287},"63":{"loc":{"start":{"line":321,"column":20},"end":{"line":321,"column":34}},"type":"binary-expr","locations":[{"start":{"line":321,"column":20},"end":{"line":321,"column":24}},{"start":{"line":321,"column":28},"end":{"line":321,"column":34}}],"line":321},"64":{"loc":{"start":{"line":322,"column":14},"end":{"line":322,"column":28}},"type":"binary-expr","locations":[{"start":{"line":322,"column":14},"end":{"line":322,"column":18}},{"start":{"line":322,"column":22},"end":{"line":322,"column":28}}],"line":322},"65":{"loc":{"start":{"line":323,"column":15},"end":{"line":323,"column":31}},"type":"binary-expr","locations":[{"start":{"line":323,"column":15},"end":{"line":323,"column":20}},{"start":{"line":323,"column":24},"end":{"line":323,"column":31}}],"line":323},"66":{"loc":{"start":{"line":324,"column":16},"end":{"line":324,"column":34}},"type":"binary-expr","locations":[{"start":{"line":324,"column":16},"end":{"line":324,"column":22}},{"start":{"line":324,"column":26},"end":{"line":324,"column":34}}],"line":324},"67":{"loc":{"start":{"line":325,"column":18},"end":{"line":325,"column":40}},"type":"binary-expr","locations":[{"start":{"line":325,"column":18},"end":{"line":325,"column":26}},{"start":{"line":325,"column":30},"end":{"line":325,"column":40}}],"line":325},"68":{"loc":{"start":{"line":326,"column":20},"end":{"line":326,"column":42}},"type":"binary-expr","locations":[{"start":{"line":326,"column":20},"end":{"line":326,"column":28}},{"start":{"line":326,"column":32},"end":{"line":326,"column":42}}],"line":326},"69":{"loc":{"start":{"line":327,"column":16},"end":{"line":327,"column":34}},"type":"binary-expr","locations":[{"start":{"line":327,"column":16},"end":{"line":327,"column":22}},{"start":{"line":327,"column":26},"end":{"line":327,"column":34}}],"line":327},"70":{"loc":{"start":{"line":328,"column":16},"end":{"line":328,"column":34}},"type":"binary-expr","locations":[{"start":{"line":328,"column":16},"end":{"line":328,"column":22}},{"start":{"line":328,"column":26},"end":{"line":328,"column":34}}],"line":328},"71":{"loc":{"start":{"line":329,"column":21},"end":{"line":329,"column":49}},"type":"binary-expr","locations":[{"start":{"line":329,"column":21},"end":{"line":329,"column":32}},{"start":{"line":329,"column":36},"end":{"line":329,"column":49}}],"line":329},"72":{"loc":{"start":{"line":330,"column":19},"end":{"line":330,"column":43}},"type":"binary-expr","locations":[{"start":{"line":330,"column":19},"end":{"line":330,"column":28}},{"start":{"line":330,"column":32},"end":{"line":330,"column":43}}],"line":330},"73":{"loc":{"start":{"line":331,"column":21},"end":{"line":331,"column":49}},"type":"binary-expr","locations":[{"start":{"line":331,"column":21},"end":{"line":331,"column":32}},{"start":{"line":331,"column":36},"end":{"line":331,"column":49}}],"line":331},"74":{"loc":{"start":{"line":342,"column":4},"end":{"line":345,"column":5}},"type":"if","locations":[{"start":{"line":342,"column":4},"end":{"line":345,"column":5}},{"start":{"line":342,"column":4},"end":{"line":345,"column":5}}],"line":342}},"s":{"0":3,"1":3,"2":0,"3":0,"4":0,"5":0,"6":0,"7":0,"8":0,"9":0,"10":0,"11":0,"12":0,"13":0,"14":0,"15":0,"16":0,"17":0,"18":0,"19":0,"20":0,"21":0,"22":0,"23":0,"24":0,"25":0,"26":0,"27":0,"28":0,"29":0,"30":0,"31":0,"32":0,"33":0,"34":0,"35":0,"36":0,"37":0,"38":0,"39":0,"40":0,"41":0,"42":0,"43":0,"44":0,"45":0,"46":0,"47":0,"48":0,"49":0,"50":0,"51":0,"52":0,"53":0,"54":0,"55":0,"56":0,"57":0,"58":0,"59":0,"60":0,"61":0,"62":0,"63":0,"64":0,"65":0,"66":0,"67":0,"68":0,"69":0,"70":0,"71":0,"72":0,"73":0,"74":0,"75":0,"76":0},"f":{"0":0,"1":0,"2":0,"3":0,"4":0,"5":0,"6":0},"b":{"0":[3,0],"1":[0,0],"2":[0,0],"3":[0,0],"4":[0,0],"5":[0,0],"6":[0,0],"7":[0,0],"8":[0,0],"9":[0,0],"10":[0,0],"11":[0,0],"12":[0,0],"13":[0,0],"14":[0,0],"15":[0,0],"16":[0,0],"17":[0,0],"18":[0,0],"19":[0,0],"20":[0,0],"21":[0,0],"22":[0,0],"23":[0,0],"24":[0,0],"25":[0,0],"26":[0,0],"27":[0,0],"28":[0,0],"29":[0,0],"30":[0,0],"31":[0,0],"32":[0,0],"33":[0,0],"34":[0,0],"35":[0,0],"36":[0,0],"37":[0,0],"38":[0,0],"39":[0,0],"40":[0,0],"41":[0],"42":[0,0],"43":[0,0],"44":[0,0],"45":[0,0],"46":[0,0],"47":[0,0],"48":[0,0],"49":[0,0,0],"50":[0,0],"51":[0,0],"52":[0,0],"53":[0,0],"54":[0,0],"55":[0,0],"56":[0,0],"57":[0,0],"58":[0,0],"59":[0,0],"60":[0,0],"61":[0,0],"62":[0,0],"63":[0,0],"64":[0,0],"65":[0,0],"66":[0,0],"67":[0,0],"68":[0,0],"69":[0,0],"70":[0,0],"71":[0,0],"72":[0,0],"73":[0,0],"74":[0,0]},"_coverageSchema":"43e27e138ebf9cfc5966b082cf9a028302ed4184","hash":"4cee2498ff92eecceb0aac4138dde02a6fe991f8"}
,"/Users/vuongnguyen/Data/training/nodejs/nodejs-training/shopping-server/src/models/User.js": {"path":"/Users/vuongnguyen/Data/training/nodejs/nodejs-training/shopping-server/src/models/User.js","statementMap":{"0":{"start":{"line":9,"column":18},"end":{"line":9,"column":80}},"1":{"start":{"line":10,"column":23},"end":{"line":10,"column":30}},"2":{"start":{"line":11,"column":23},"end":{"line":11,"column":30}},"3":{"start":{"line":15,"column":63},"end":{"line":15,"column":67}},"4":{"start":{"line":17,"column":4},"end":{"line":19,"column":5}},"5":{"start":{"line":18,"column":6},"end":{"line":18,"column":63}},"6":{"start":{"line":21,"column":4},"end":{"line":23,"column":5}},"7":{"start":{"line":22,"column":6},"end":{"line":22,"column":75}},"8":{"start":{"line":26,"column":23},"end":{"line":26,"column":61}},"9":{"start":{"line":27,"column":4},"end":{"line":29,"column":5}},"10":{"start":{"line":28,"column":6},"end":{"line":28,"column":83}},"11":{"start":{"line":32,"column":27},"end":{"line":32,"column":51}},"12":{"start":{"line":34,"column":15},"end":{"line":34,"column":23}},"13":{"start":{"line":35,"column":21},"end":{"line":35,"column":38}},"14":{"start":{"line":36,"column":17},"end":{"line":55,"column":5}},"15":{"start":{"line":57,"column":4},"end":{"line":61,"column":5}},"16":{"start":{"line":58,"column":6},"end":{"line":60,"column":7}},"17":{"start":{"line":62,"column":4},"end":{"line":66,"column":5}},"18":{"start":{"line":63,"column":6},"end":{"line":65,"column":7}},"19":{"start":{"line":67,"column":4},"end":{"line":71,"column":5}},"20":{"start":{"line":68,"column":6},"end":{"line":70,"column":7}},"21":{"start":{"line":73,"column":15},"end":{"line":73,"column":39}},"22":{"start":{"line":74,"column":4},"end":{"line":82,"column":5}},"23":{"start":{"line":75,"column":6},"end":{"line":78,"column":8}},"24":{"start":{"line":80,"column":6},"end":{"line":80,"column":47}},"25":{"start":{"line":81,"column":6},"end":{"line":81,"column":28}},"26":{"start":{"line":83,"column":4},"end":{"line":87,"column":5}},"27":{"start":{"line":92,"column":4},"end":{"line":94,"column":5}},"28":{"start":{"line":93,"column":6},"end":{"line":93,"column":65}},"29":{"start":{"line":95,"column":15},"end":{"line":95,"column":39}},"30":{"start":{"line":96,"column":18},"end":{"line":112,"column":5}},"31":{"start":{"line":113,"column":4},"end":{"line":126,"column":5}},"32":{"start":{"line":114,"column":22},"end":{"line":114,"column":43}},"33":{"start":{"line":115,"column":6},"end":{"line":123,"column":7}},"34":{"start":{"line":116,"column":21},"end":{"line":116,"column":37}},"35":{"start":{"line":117,"column":8},"end":{"line":122,"column":9}},"36":{"start":{"line":125,"column":6},"end":{"line":125,"column":28}},"37":{"start":{"line":130,"column":21},"end":{"line":130,"column":27}},"38":{"start":{"line":131,"column":15},"end":{"line":131,"column":39}},"39":{"start":{"line":132,"column":18},"end":{"line":146,"column":5}},"40":{"start":{"line":148,"column":27},"end":{"line":148,"column":29}},"41":{"start":{"line":151,"column":4},"end":{"line":157,"column":5}},"42":{"start":{"line":152,"column":6},"end":{"line":154,"column":7}},"43":{"start":{"line":155,"column":6},"end":{"line":155,"column":54}},"44":{"start":{"line":156,"column":6},"end":{"line":156,"column":40}},"45":{"start":{"line":160,"column":4},"end":{"line":162,"column":5}},"46":{"start":{"line":161,"column":6},"end":{"line":161,"column":47}},"47":{"start":{"line":163,"column":4},"end":{"line":190,"column":5}},"48":{"start":{"line":165,"column":22},"end":{"line":165,"column":43}},"49":{"start":{"line":166,"column":6},"end":{"line":186,"column":7}},"50":{"start":{"line":167,"column":22},"end":{"line":179,"column":10}},"51":{"start":{"line":168,"column":77},"end":{"line":168,"column":81}},"52":{"start":{"line":169,"column":10},"end":{"line":178,"column":11}},"53":{"start":{"line":181,"column":8},"end":{"line":185,"column":9}},"54":{"start":{"line":188,"column":6},"end":{"line":188,"column":35}},"55":{"start":{"line":189,"column":6},"end":{"line":189,"column":28}},"56":{"start":{"line":195,"column":4},"end":{"line":197,"column":5}},"57":{"start":{"line":196,"column":6},"end":{"line":196,"column":58}},"58":{"start":{"line":198,"column":15},"end":{"line":198,"column":39}},"59":{"start":{"line":199,"column":18},"end":{"line":209,"column":5}},"60":{"start":{"line":210,"column":20},"end":{"line":210,"column":43}},"61":{"start":{"line":212,"column":4},"end":{"line":226,"column":5}},"62":{"start":{"line":213,"column":19},"end":{"line":213,"column":31}},"63":{"start":{"line":214,"column":73},"end":{"line":214,"column":77}},"64":{"start":{"line":216,"column":6},"end":{"line":225,"column":7}},"65":{"start":{"line":231,"column":4},"end":{"line":233,"column":5}},"66":{"start":{"line":232,"column":6},"end":{"line":232,"column":58}},"67":{"start":{"line":234,"column":15},"end":{"line":234,"column":39}},"68":{"start":{"line":235,"column":4},"end":{"line":262,"column":5}},"69":{"start":{"line":236,"column":19},"end":{"line":247,"column":8}},"70":{"start":{"line":249,"column":79},"end":{"line":249,"column":83}},"71":{"start":{"line":251,"column":6},"end":{"line":259,"column":7}},"72":{"start":{"line":261,"column":6},"end":{"line":261,"column":28}},"73":{"start":{"line":269,"column":4},"end":{"line":272,"column":5}},"74":{"start":{"line":270,"column":6},"end":{"line":270,"column":31}},"75":{"start":{"line":271,"column":6},"end":{"line":271,"column":30}},"76":{"start":{"line":274,"column":4},"end":{"line":274,"column":19}}},"fnMap":{"0":{"name":"(anonymous_0)","decl":{"start":{"line":14,"column":2},"end":{"line":14,"column":3}},"loc":{"start":{"line":14,"column":26},"end":{"line":88,"column":3}},"line":14},"1":{"name":"(anonymous_1)","decl":{"start":{"line":90,"column":2},"end":{"line":90,"column":3}},"loc":{"start":{"line":90,"column":37},"end":{"line":127,"column":3}},"line":90},"2":{"name":"(anonymous_2)","decl":{"start":{"line":129,"column":2},"end":{"line":129,"column":3}},"loc":{"start":{"line":129,"column":53},"end":{"line":191,"column":3}},"line":129},"3":{"name":"(anonymous_3)","decl":{"start":{"line":167,"column":40},"end":{"line":167,"column":41}},"loc":{"start":{"line":167,"column":48},"end":{"line":179,"column":9}},"line":167},"4":{"name":"(anonymous_4)","decl":{"start":{"line":193,"column":2},"end":{"line":193,"column":3}},"loc":{"start":{"line":193,"column":25},"end":{"line":227,"column":3}},"line":193},"5":{"name":"(anonymous_5)","decl":{"start":{"line":229,"column":2},"end":{"line":229,"column":3}},"loc":{"start":{"line":229,"column":24},"end":{"line":263,"column":3}},"line":229},"6":{"name":"(anonymous_6)","decl":{"start":{"line":268,"column":2},"end":{"line":268,"column":3}},"loc":{"start":{"line":268,"column":23},"end":{"line":275,"column":3}},"line":268}},"branchMap":{"0":{"loc":{"start":{"line":9,"column":18},"end":{"line":9,"column":80}},"type":"cond-expr","locations":[{"start":{"line":9,"column":52},"end":{"line":9,"column":67}},{"start":{"line":9,"column":70},"end":{"line":9,"column":80}}],"line":9},"1":{"loc":{"start":{"line":17,"column":4},"end":{"line":19,"column":5}},"type":"if","locations":[{"start":{"line":17,"column":4},"end":{"line":19,"column":5}},{"start":{"line":17,"column":4},"end":{"line":19,"column":5}}],"line":17},"2":{"loc":{"start":{"line":17,"column":8},"end":{"line":17,"column":30}},"type":"binary-expr","locations":[{"start":{"line":17,"column":8},"end":{"line":17,"column":17}},{"start":{"line":17,"column":21},"end":{"line":17,"column":30}}],"line":17},"3":{"loc":{"start":{"line":21,"column":4},"end":{"line":23,"column":5}},"type":"if","locations":[{"start":{"line":21,"column":4},"end":{"line":23,"column":5}},{"start":{"line":21,"column":4},"end":{"line":23,"column":5}}],"line":21},"4":{"loc":{"start":{"line":27,"column":4},"end":{"line":29,"column":5}},"type":"if","locations":[{"start":{"line":27,"column":4},"end":{"line":29,"column":5}},{"start":{"line":27,"column":4},"end":{"line":29,"column":5}}],"line":27},"5":{"loc":{"start":{"line":47,"column":11},"end":{"line":47,"column":46}},"type":"cond-expr","locations":[{"start":{"line":47,"column":18},"end":{"line":47,"column":33}},{"start":{"line":47,"column":36},"end":{"line":47,"column":46}}],"line":47},"6":{"loc":{"start":{"line":57,"column":4},"end":{"line":61,"column":5}},"type":"if","locations":[{"start":{"line":57,"column":4},"end":{"line":61,"column":5}},{"start":{"line":57,"column":4},"end":{"line":61,"column":5}}],"line":57},"7":{"loc":{"start":{"line":62,"column":4},"end":{"line":66,"column":5}},"type":"if","locations":[{"start":{"line":62,"column":4},"end":{"line":66,"column":5}},{"start":{"line":62,"column":4},"end":{"line":66,"column":5}}],"line":62},"8":{"loc":{"start":{"line":67,"column":4},"end":{"line":71,"column":5}},"type":"if","locations":[{"start":{"line":67,"column":4},"end":{"line":71,"column":5}},{"start":{"line":67,"column":4},"end":{"line":71,"column":5}}],"line":67},"9":{"loc":{"start":{"line":92,"column":4},"end":{"line":94,"column":5}},"type":"if","locations":[{"start":{"line":92,"column":4},"end":{"line":94,"column":5}},{"start":{"line":92,"column":4},"end":{"line":94,"column":5}}],"line":92},"10":{"loc":{"start":{"line":115,"column":6},"end":{"line":123,"column":7}},"type":"if","locations":[{"start":{"line":115,"column":6},"end":{"line":123,"column":7}},{"start":{"line":115,"column":6},"end":{"line":123,"column":7}}],"line":115},"11":{"loc":{"start":{"line":115,"column":10},"end":{"line":115,"column":62}},"type":"binary-expr","locations":[{"start":{"line":115,"column":10},"end":{"line":115,"column":17}},{"start":{"line":115,"column":21},"end":{"line":115,"column":34}},{"start":{"line":115,"column":38},"end":{"line":115,"column":62}}],"line":115},"12":{"loc":{"start":{"line":129,"column":20},"end":{"line":129,"column":31}},"type":"default-arg","locations":[{"start":{"line":129,"column":29},"end":{"l
[...]
olumn":29}},{"start":{"line":41,"column":33},"end":{"line":41,"column":41}}],"line":41},"7":{"loc":{"start":{"line":43,"column":4},"end":{"line":45,"column":5}},"type":"if","locations":[{"start":{"line":43,"column":4},"end":{"line":45,"column":5}},{"start":{"line":43,"column":4},"end":{"line":45,"column":5}}],"line":43},"8":{"loc":{"start":{"line":43,"column":8},"end":{"line":43,"column":74}},"type":"binary-expr","locations":[{"start":{"line":43,"column":8},"end":{"line":43,"column":27}},{"start":{"line":43,"column":32},"end":{"line":43,"column":40}},{"start":{"line":43,"column":44},"end":{"line":43,"column":73}}],"line":43},"9":{"loc":{"start":{"line":55,"column":4},"end":{"line":57,"column":5}},"type":"if","locations":[{"start":{"line":55,"column":4},"end":{"line":57,"column":5}},{"start":{"line":55,"column":4},"end":{"line":57,"column":5}}],"line":55},"10":{"loc":{"start":{"line":55,"column":8},"end":{"line":55,"column":72}},"type":"binary-expr","locations":[{"start":{"line":55,"column":8},"end":{"line":55,"column":27}},{"start":{"line":55,"column":32},"end":{"line":55,"column":39}},{"start":{"line":55,"column":43},"end":{"line":55,"column":71}}],"line":55},"11":{"loc":{"start":{"line":66,"column":4},"end":{"line":68,"column":5}},"type":"if","locations":[{"start":{"line":66,"column":4},"end":{"line":68,"column":5}},{"start":{"line":66,"column":4},"end":{"line":68,"column":5}}],"line":66},"12":{"loc":{"start":{"line":66,"column":8},"end":{"line":66,"column":47}},"type":"binary-expr","locations":[{"start":{"line":66,"column":8},"end":{"line":66,"column":15}},{"start":{"line":66,"column":19},"end":{"line":66,"column":47}}],"line":66}},"s":{"0":2,"1":2,"2":11,"3":1,"4":10,"5":10,"6":0,"7":10,"8":2,"9":3,"10":0,"11":3,"12":2,"13":4,"14":1,"15":3,"16":2,"17":0,"18":0,"19":0,"20":0,"21":0,"22":2,"23":0,"24":0,"25":0,"26":0,"27":2,"28":0,"29":0,"30":0,"31":0},"f":{"0":11,"1":3,"2":4,"3":0,"4":0,"5":0},"b":{"0":[1,10],"1":[0,10],"2":[0,3],"3":[1,3],"4":[4,2],"5":[0,0],"6":[0,0],"7":[0,0],"8":[0,0,0],"9":[0,0],"10":[0,0,0],"11":[0,0],"12":[0,0]},"_coverageSchema":"43e27e138ebf9cfc5966b082cf9a028302ed4184","hash":"74a90368bbb3e5c848227af852e21ad45206e1a6"}
,"/Users/vuongnguyen/Data/training/nodejs/nodejs-training/shopping-server/src/resolvers/Category.js": {"path":"/Users/vuongnguyen/Data/training/nodejs/nodejs-training/shopping-server/src/resolvers/Category.js","statementMap":{"0":{"start":{"line":8,"column":23},"end":{"line":11,"column":1}},"1":{"start":{"line":9,"column":19},"end":{"line":9,"column":59}},"2":{"start":{"line":10,"column":2},"end":{"line":10,"column":17}},"3":{"start":{"line":13,"column":22},"end":{"line":16,"column":1}},"4":{"start":{"line":14,"column":21},"end":{"line":14,"column":78}},"5":{"start":{"line":15,"column":2},"end":{"line":15,"column":19}},"6":{"start":{"line":18,"column":24},"end":{"line":21,"column":1}},"7":{"start":{"line":19,"column":19},"end":{"line":19,"column":60}},"8":{"start":{"line":20,"column":2},"end":{"line":20,"column":17}},"9":{"start":{"line":23,"column":23},"end":{"line":31,"column":1}},"10":{"start":{"line":24,"column":24},"end":{"line":28,"column":3}},"11":{"start":{"line":29,"column":19},"end":{"line":29,"column":67}},"12":{"start":{"line":30,"column":2},"end":{"line":30,"column":17}},"13":{"start":{"line":33,"column":23},"end":{"line":41,"column":1}},"14":{"start":{"line":34,"column":24},"end":{"line":38,"column":3}},"15":{"start":{"line":39,"column":19},"end":{"line":39,"column":67}},"16":{"start":{"line":40,"column":2},"end":{"line":40,"column":17}}},"fnMap":{"0":{"name":"(anonymous_0)","decl":{"start":{"line":8,"column":23},"end":{"line":8,"column":24}},"loc":{"start":{"line":8,"column":61},"end":{"line":11,"column":1}},"line":8},"1":{"name":"(anonymous_1)","decl":{"start":{"line":13,"column":22},"end":{"line":13,"column":23}},"loc":{"start":{"line":13,"column":74},"end":{"line":16,"column":1}},"line":13},"2":{"name":"(anonymous_2)","decl":{"start":{"line":18,"column":24},"end":{"line":18,"column":25}},"loc":{"start":{"line":18,"column":62},"end":{"line":21,"column":1}},"line":18},"3":{"name":"(anonymous_3)","decl":{"start":{"line":23,"column":23},"end":{"line":23,"column":24}},"loc":{"start":{"line":23,"column":77},"end":{"line":31,"column":1}},"line":23},"4":{"name":"(anonymous_4)","decl":{"start":{"line":33,"column":23},"end":{"line":33,"column":24}},"loc":{"start":{"line":33,"column":77},"end":{"line":41,"column":1}},"line":33}},"branchMap":{},"s":{"0":2,"1":0,"2":0,"3":2,"4":0,"5":0,"6":2,"7":0,"8":0,"9":2,"10":0,"11":0,"12":0,"13":2,"14":0,"15":0,"16":0},"f":{"0":0,"1":0,"2":0,"3":0,"4":0},"b":{},"_coverageSchema":"43e27e138ebf9cfc5966b082cf9a028302ed4184","hash":"6a97ee0b395a4c68130a630a31b67f8c5698e069"}
,"/Users/vuongnguyen/Data/training/nodejs/nodejs-training/shopping-server/src/resolvers/Common.js": {"path":"/Users/vuongnguyen/Data/training/nodejs/nodejs-training/shopping-server/src/resolvers/Common.js","statementMap":{"0":{"start":{"line":2,"column":27},"end":{"line":7,"column":1}},"1":{"start":{"line":3,"column":2},"end":{"line":6,"column":3}},"2":{"start":{"line":4,"column":17},"end":{"line":4,"column":64}},"3":{"start":{"line":5,"column":4},"end":{"line":5,"column":15}},"4":{"start":{"line":9,"column":34},"end":{"line":14,"column":1}},"5":{"start":{"line":10,"column":2},"end":{"line":13,"column":3}},"6":{"start":{"line":11,"column":17},"end":{"line":11,"column":64}},"7":{"start":{"line":12,"column":4},"end":{"line":12,"column":15}},"8":{"start":{"line":16,"column":31},"end":{"line":21,"column":1}},"9":{"start":{"line":17,"column":2},"end":{"line":20,"column":3}},"10":{"start":{"line":18,"column":21},"end":{"line":18,"column":75}},"11":{"start":{"line":19,"column":4},"end":{"line":19,"column":19}}},"fnMap":{"0":{"name":"(anonymous_0)","decl":{"start":{"line":2,"column":27},"end":{"line":2,"column":28}},"loc":{"start":{"line":2,"column":63},"end":{"line":7,"column":1}},"line":2},"1":{"name":"(anonymous_1)","decl":{"start":{"line":9,"column":34},"end":{"line":9,"column":35}},"loc":{"start":{"line":9,"column":70},"end":{"line":14,"column":1}},"line":9},"2":{"name":"(anonymous_2)","decl":{"start":{"line":16,"column":31},"end":{"line":16,"column":32}},"loc":{"start":{"line":16,"column":67},"end":{"line":21,"column":1}},"line":16}},"branchMap":{"0":{"loc":{"start":{"line":3,"column":2},"end":{"line":6,"column":3}},"type":"if","locations":[{"start":{"line":3,"column":2},"end":{"line":6,"column":3}},{"start":{"line":3,"column":2},"end":{"line":6,"column":3}}],"line":3},"1":{"loc":{"start":{"line":10,"column":2},"end":{"line":13,"column":3}},"type":"if","locations":[{"start":{"line":10,"column":2},"end":{"line":13,"column":3}},{"start":{"line":10,"column":2},"end":{"line":13,"column":3}}],"line":10},"2":{"loc":{"start":{"line":17,"column":2},"end":{"line":20,"column":3}},"type":"if","locations":[{"start":{"line":17,"column":2},"end":{"line":20,"column":3}},{"start":{"line":17,"column":2},"end":{"line":20,"column":3}}],"line":17},"3":{"loc":{"start":{"line":17,"column":6},"end":{"line":17,"column":48}},"type":"binary-expr","locations":[{"start":{"line":17,"column":6},"end":{"line":17,"column":21}},{"start":{"line":17,"column":25},"end":{"line":17,"column":48}}],"line":17}},"s":{"0":2,"1":0,"2":0,"3":0,"4":2,"5":0,"6":0,"7":0,"8":2,"9":0,"10":0,"11":0},"f":{"0":0,"1":0,"2":0},"b":{"0":[0,0],"1":[0,0],"2":[0,0],"3":[0,0]},"_coverageSchema":"43e27e138ebf9cfc5966b082cf9a028302ed4184","hash":"ee32cb3c8d5ce563fcdc1e9b5e269146c10a3150"}
,"/Users/vuongnguyen/Data/training/nodejs/nodejs-training/shopping-server/src/resolvers/Product.js": {"path":"/Users/vuongnguyen/Data/training/nodejs/nodejs-training/shopping-server/src/resolvers/Product.js","statementMap":{"0":{"start":{"line":8,"column":22},"end":{"line":11,"column":1}},"1":{"start":{"line":9,"column":18},"end":{"line":9,"column":72}},"2":{"start":{"line":10,"column":2},"end":{"line":10,"column":16}},"3":{"start":{"line":13,"column":20},"end":{"line":16,"column":1}},"4":{"start":{"line":14,"column":19},"end":{"line":14,"column":89}},"5":{"start":{"line":15,"column":2},"end":{"line":15,"column":17}},"6":{"start":{"line":18,"column":23},"end":{"line":21,"column":1}},"7":{"start":{"line":19,"column":18},"end":{"line":19,"column":57}},"8":{"start":{"line":20,"column":2},"end":{"line":20,"column":16}},"9":{"start":{"line":23,"column":22},"end":{"line":31,"column":1}},"10":{"start":{"line":24,"column":23},"end":{"line":28,"column":3}},"11":{"start":{"line":29,"column":18},"end":{"line":29,"column":63}},"12":{"start":{"line":30,"column":2},"end":{"line":30,"column":16}},"13":{"start":{"line":33,"column":22},"end":{"line":41,"column":1}},"14":{"start":{"line":34,"column":23},"end":{"line":38,"column":3}},"15":{"start":{"line":39,"column":18},"end":{"line":39,"column":63}},"16":{"start":{"line":40,"column":2},"end":{"line":40,"column":16}},"17":{"start":{"line":43,"column":28},"end":{"line":48,"column":1}},"18":{"start":{"line":44,"column":17},"end":{"line":44,"column":31}},"19":{"start":{"line":45,"column":19},"end":{"line":45,"column":36}},"20":{"start":{"line":46,"column":18},"end":{"line":46,"column":92}},"21":{"start":{"line":47,"column":2},"end":{"line":47,"column":16}},"22":{"start":{"line":50,"column":31},"end":{"line":55,"column":1}},"23":{"start":{"line":51,"column":2},"end":{"line":54,"column":3}},"24":{"start":{"line":52,"column":21},"end":{"line":52,"column":77}},"25":{"start":{"line":53,"column":4},"end":{"line":53,"column":19}}},"fnMap":{"0":{"name":"(anonymous_0)","decl":{"start":{"line":8,"column":22},"end":{"line":8,"column":23}},"loc":{"start":{"line":8,"column":73},"end":{"line":11,"column":1}},"line":8},"1":{"name":"(anonymous_1)","decl":{"start":{"line":13,"column":20},"end":{"line":13,"column":21}},"loc":{"start":{"line":13,"column":88},"end":{"line":16,"column":1}},"line":13},"2":{"name":"(anonymous_2)","decl":{"start":{"line":18,"column":23},"end":{"line":18,"column":24}},"loc":{"start":{"line":18,"column":61},"end":{"line":21,"column":1}},"line":18},"3":{"name":"(anonymous_3)","decl":{"start":{"line":23,"column":22},"end":{"line":23,"column":23}},"loc":{"start":{"line":23,"column":76},"end":{"line":31,"column":1}},"line":23},"4":{"name":"(anonymous_4)","decl":{"start":{"line":33,"column":22},"end":{"line":33,"column":23}},"loc":{"start":{"line":33,"column":76},"end":{"line":41,"column":1}},"line":33},"5":{"name":"(anonymous_5)","decl":{"start":{"line":43,"column":28},"end":{"line":43,"column":29}},"loc":{"start":{"line":43,"column":87},"end":{"line":48,"column":1}},"line":43},"6":{"name":"(anonymous_6)","decl":{"start":{"line":50,"column":31},"end":{"line":50,"column":32}},"loc":{"start":{"line":50,"column":67},"end":{"line":55,"column":1}},"line":50}},"branchMap":{"0":{"loc":{"start":{"line":51,"column":2},"end":{"line":54,"column":3}},"type":"if","locations":[{"start":{"line":51,"column":2},"end":{"line":54,"column":3}},{"start":{"line":51,"column":2},"end":{"line":54,"column":3}}],"line":51},"1":{"loc":{"start":{"line":51,"column":6},"end":{"line":51,"column":52}},"type":"binary-expr","locations":[{"start":{"line":51,"column":6},"end":{"line":51,"column":23}},{"start":{"line":51,"column":27},"end":{"line":51,"column":52}}],"line":51}},"s":{"0":2,"1":0,"2":0,"3":2,"4":0,"5":0,"6":2,"7":0,"8":0,"9":2,"10":0,"11":0,"12":0,"13":2,"14":0,"15":0,"16":0,"17":2,"18":0,"19":0,"20":0,"21":0,"22":2,"23":0,"24":0,"25":0},"f":{"0":0,"1":0,"2":0,"3":0,"4":0,"5":0,"6":0},"b":{"0":[0,0],"1":[0,0]},"_coverageSchema":"43e27e138ebf9cfc5966b082cf9a028302ed4184","hash":"04ec27fbba579e027d7cfdd66b03a3bb6742cfe7"}
,"/Users/vuongnguyen/Data/training/nodejs/nodejs-training/shopping-server/src/resolvers/User.js": {"path":"/Users/vuongnguyen/Data/training/nodejs/nodejs-training/shopping-server/src/resolvers/User.js","statementMap":{"0":{"start":{"line":5,"column":19},"end":{"line":8,"column":1}},"1":{"start":{"line":6,"column":15},"end":{"line":6,"column":47}},"2":{"start":{"line":7,"column":2},"end":{"line":7,"column":13}},"3":{"start":{"line":10,"column":17},"end":{"line":13,"column":1}},"4":{"start":{"line":11,"column":16},"end":{"line":11,"column":72}},"5":{"start":{"line":12,"column":2},"end":{"line":12,"column":14}},"6":{"start":{"line":15,"column":20},"end":{"line":18,"column":1}},"7":{"start":{"line":16,"column":15},"end":{"line":16,"column":48}},"8":{"start":{"line":17,"column":2},"end":{"line":17,"column":13}},"9":{"start":{"line":27,"column":19},"end":{"line":30,"column":1}},"10":{"start":{"line":28,"column":15},"end":{"line":28,"column":50}},"11":{"start":{"line":29,"column":2},"end":{"line":29,"column":13}}},"fnMap":{"0":{"name":"(anonymous_0)","decl":{"start":{"line":5,"column":19},"end":{"line":5,"column":20}},"loc":{"start":{"line":5,"column":57},"end":{"line":8,"column":1}},"line":5},"1":{"name":"(anonymous_1)","decl":{"start":{"line":10,"column":17},"end":{"line":10,"column":18}},"loc":{"start":{"line":10,"column":77},"end":{"line":13,"column":1}},"line":10},"2":{"name":"(anonymous_2)","decl":{"start":{"line":15,"column":20},"end":{"line":15,"column":21}},"loc":{"start":{"line":15,"column":58},"end":{"line":18,"column":1}},"line":15},"3":{"name":"(anonymous_3)","decl":{"start":{"line":27,"column":19},"end":{"line":27,"column":20}},"loc":{"start":{"line":27,"column":68},"end":{"line":30,"column":1}},"line":27}},"branchMap":{},"s":{"0":2,"1":3,"2":2,"3":2,"4":3,"5":3,"6":2,"7":3,"8":2,"9":2,"10":0,"11":0},"f":{"0":3,"1":3,"2":3,"3":0},"b":{},"_coverageSchema":"43e27e138ebf9cfc5966b082cf9a028302ed4184","hash":"50ba60c422eaf15f641caa4aa8974c7b7d052f10"}
,"/Users/vuongnguyen/Data/training/nodejs/nodejs-training/shopping-server/src/resolvers/index.js": {"path":"/Users/vuongnguyen/Data/training/nodejs/nodejs-training/shopping-server/src/resolvers/index.js","statementMap":{},"fnMap":{},"branchMap":{},"s":{},"f":{},"b":{},"_coverageSchema":"43e27e138ebf9cfc5966b082cf9a028302ed4184","hash":"6964c1e2e187c0d574d597693c63655025120e9b"}
,"/Users/vuongnguyen/Data/training/nodejs/nodejs-training/shopping-server/src/schema/Category.js": {"path":"/Users/vuongnguyen/Data/training/nodejs/nodejs-training/shopping-server/src/schema/Category.js","statementMap":{},"fnMap":{},"branchMap":{},"s":{},"f":{},"b":{},"_coverageSchema":"43e27e138ebf9cfc5966b082cf9a028302ed4184","hash":"c13d20d6b7d0078173fda66abd88885868d0d481"}
,"/Users/vuongnguyen/Data/training/nodejs/nodejs-training/shopping-server/src/schema/Product.js": {"path":"/Users/vuongnguyen/Data/training/nodejs/nodejs-training/shopping-server/src/schema/Product.js","statementMap":{},"fnMap":{},"branchMap":{},"s":{},"f":{},"b":{},"_coverageSchema":"43e27e138ebf9cfc5966b082cf9a028302ed4184","hash":"096156b6ec82ba59f7ce096ddabcff9a448d976d"}
,"/Users/vuongnguyen/Data/training/nodejs/nodejs-training/shopping-server/src/schema/User.js": {"path":"/Users/vuongnguyen/Data/training/nodejs/nodejs-training/shopping-server/src/schema/User.js","statementMap":{},"fnMap":{},"branchMap":{},"s":{},"f":{},"b":{},"_coverageSchema":"43e27e138ebf9cfc5966b082cf9a028302ed4184","hash":"dd0e7d368bd2a4ed13c2769e53f4cf8ab90bd03f"}
,"/Users/vuongnguyen/Data/training/nodejs/nodejs-training/shopping-server/src/schema/index.js": {"path":"/Users/vuongnguyen/Data/training/nodejs/nodejs-training/shopping-server/src/schema/index.js","statementMap":{"0":{"start":{"line":7,"column":19},"end":{"line":19,"column":1}}},"fnMap":{},"branchMap":{},"s":{"0":2},"f":{},"b":{},"_coverageSchema":"43e27e138ebf9cfc5966b082cf9a028302ed4184","hash":"95c2e48f6f29cf695445c0dd091d45c085c8ecdb"}
,"/Users/vuongnguyen/Data/training/nodejs/nodejs-training/shopping-server/src/utils/Utilties.js": {"path":"/Users/vuongnguyen/Data/training/nodejs/nodejs-training/shopping-server/src/utils/Utilties.js","statementMap":{"0":{"start":{"line":9,"column":28},"end":{"line":11,"column":1}},"1":{"start":{"line":10,"column":2},"end":{"line":10,"column":44}},"2":{"start":{"line":18,"column":28},"end":{"line":20,"column":1}},"3":{"start":{"line":19,"column":2},"end":{"line":19,"column":59}},"4":{"start":{"line":27,"column":30},"end":{"line":30,"column":1}},"5":{"start":{"line":28,"column":15},"end":{"line":28,"column":35}},"6":{"start":{"line":29,"column":2},"end":{"line":29,"column":40}},"7":{"start":{"line":38,"column":31},"end":{"line":41,"column":1}},"8":{"start":{"line":39,"column":16},"end":{"line":39,"column":52}},"9":{"start":{"line":40,"column":2},"end":{"line":40,"column":14}},"10":{"start":{"line":50,"column":27},"end":{"line":56,"column":1}},"11":{"start":{"line":51,"column":33},"end":{"line":51,"column":37}},"12":{"start":{"line":52,"column":16},"end":{"line":54,"column":4}},"13":{"start":{"line":55,"column":2},"end":{"line":55,"column":14}},"14":{"start":{"line":64,"column":27},"end":{"line":66,"column":1}},"15":{"start":{"line":65,"column":2},"end":{"line":65,"column":34}}},"fnMap":{"0":{"name":"(anonymous_0)","decl":{"start":{"line":9,"column":28},"end":{"line":9,"column":29}},"loc":{"start":{"line":9,"column":42},"end":{"line":11,"column":1}},"line":9},"1":{"name":"(anonymous_1)","decl":{"start":{"line":18,"column":28},"end":{"line":18,"column":29}},"loc":{"start":{"line":18,"column":48},"end":{"line":20,"column":1}},"line":18},"2":{"name":"(anonymous_2)","decl":{"start":{"line":27,"column":30},"end":{"line":27,"column":31}},"loc":{"start":{"line":27,"column":49},"end":{"line":30,"column":1}},"line":27},"3":{"name":"(anonymous_3)","decl":{"start":{"line":38,"column":31},"end":{"line":38,"column":32}},"loc":{"start":{"line":38,"column":57},"end":{"line":41,"column":1}},"line":38},"4":{"name":"(anonymous_4)","decl":{"start":{"line":50,"column":27},"end":{"line":50,"column":28}},"loc":{"start":{"line":50,"column":62},"end":{"line":56,"column":1}},"line":50},"5":{"name":"(anonymous_5)","decl":{"start":{"line":64,"column":27},"end":{"line":64,"column":28}},"loc":{"start":{"line":64,"column":46},"end":{"line":66,"column":1}},"line":64}},"branchMap":{"0":{"loc":{"start":{"line":9,"column":29},"end":{"line":9,"column":37}},"type":"default-arg","locations":[{"start":{"line":9,"column":35},"end":{"line":9,"column":37}}],"line":9},"1":{"loc":{"start":{"line":18,"column":29},"end":{"line":18,"column":43}},"type":"default-arg","locations":[{"start":{"line":18,"column":41},"end":{"line":18,"column":43}}],"line":18},"2":{"loc":{"start":{"line":27,"column":31},"end":{"line":27,"column":44}},"type":"default-arg","locations":[{"start":{"line":27,"column":42},"end":{"line":27,"column":44}}],"line":27}},"s":{"0":3,"1":2,"2":3,"3":0,"4":3,"5":9,"6":9,"7":3,"8":5,"9":5,"10":3,"11":5,"12":5,"13":5,"14":3,"15":10},"f":{"0":2,"1":0,"2":9,"3":5,"4":5,"5":10},"b":{"0":[2],"1":[0],"2":[0]},"_coverageSchema":"43e27e138ebf9cfc5966b082cf9a028302ed4184","hash":"b1e9df1f6cae1d1df79f992f06705d7e117efe84"}
,"/Users/vuongnguyen/Data/training/nodejs/nodejs-training/shopping-server/src/utils/Validators.js": {"path":"/Users/vuongnguyen/Data/training/nodejs/nodejs-training/shopping-server/src/utils/Validators.js","statementMap":{"0":{"start":{"line":7,"column":31},"end":{"line":11,"column":1}},"1":{"start":{"line":8,"column":21},"end":{"line":8,"column":156}},"2":{"start":{"line":10,"column":2},"end":{"line":10,"column":33}},"3":{"start":{"line":18,"column":37},"end":{"line":22,"column":1}},"4":{"start":{"line":19,"column":21},"end":{"line":19,"column":110}},"5":{"start":{"line":21,"column":2},"end":{"line":21,"column":39}}},"fnMap":{"0":{"name":"(anonymous_0)","decl":{"start":{"line":7,"column":31},"end":{"line":7,"column":32}},"loc":{"start":{"line":7,"column":42},"end":{"line":11,"column":1}},"line":7},"1":{"name":"(anonymous_1)","decl":{"start":{"line":18,"column":37},"end":{"line":18,"column":38}},"loc":{"start":{"line":18,"column":54},"end":{"line":22,"column":1}},"line":18}},"branchMap":{},"s":{"0":3,"1":6,"2":6,"3":3,"4":0,"5":0},"f":{"0":6,"1":0},"b":{},"_coverageSchema":"43e27e138ebf9cfc5966b082cf9a028302ed4184","hash":"0f45b8da61374abb6cee72bcfd7efd526e0c3d14"}
}
