{"/home/vuongnguyen/node-training/nodejs-training/shopping-server/src/__test__/auth/Api.js": {"path":"/home/vuongnguyen/node-training/nodejs-training/shopping-server/src/__test__/auth/Api.js","statementMap":{"0":{"start":{"line":3,"column":16},"end":{"line":3,"column":47}},"1":{"start":{"line":5,"column":22},"end":{"line":26,"column":1}},"2":{"start":{"line":6,"column":2},"end":{"line":25,"column":3}},"3":{"start":{"line":7,"column":20},"end":{"line":21,"column":6}},"4":{"start":{"line":22,"column":4},"end":{"line":22,"column":18}},"5":{"start":{"line":24,"column":4},"end":{"line":24,"column":26}},"6":{"start":{"line":28,"column":22},"end":{"line":49,"column":1}},"7":{"start":{"line":29,"column":2},"end":{"line":48,"column":3}},"8":{"start":{"line":30,"column":20},"end":{"line":44,"column":6}},"9":{"start":{"line":45,"column":4},"end":{"line":45,"column":18}},"10":{"start":{"line":47,"column":4},"end":{"line":47,"column":26}}},"fnMap":{"0":{"name":"(anonymous_0)","decl":{"start":{"line":5,"column":22},"end":{"line":5,"column":23}},"loc":{"start":{"line":5,"column":41},"end":{"line":26,"column":1}},"line":5},"1":{"name":"(anonymous_1)","decl":{"start":{"line":28,"column":22},"end":{"line":28,"column":23}},"loc":{"start":{"line":28,"column":41},"end":{"line":49,"column":1}},"line":28}},"branchMap":{},"s":{"0":1,"1":1,"2":4,"3":4,"4":4,"5":0,"6":1,"7":4,"8":4,"9":4,"10":0},"f":{"0":4,"1":4},"b":{},"_coverageSchema":"43e27e138ebf9cfc5966b082cf9a028302ed4184","hash":"816511999c8c1368d5bf6f9350a664b3d50e8ff9"}
,"/home/vuongnguyen/node-training/nodejs-training/shopping-server/src/__test__/auth/UserModel.js": {"path":"/home/vuongnguyen/node-training/nodejs-training/shopping-server/src/__test__/auth/UserModel.js","statementMap":{"0":{"start":{"line":7,"column":18},"end":{"line":7,"column":80}},"1":{"start":{"line":8,"column":23},"end":{"line":8,"column":30}},"2":{"start":{"line":12,"column":63},"end":{"line":12,"column":67}},"3":{"start":{"line":14,"column":23},"end":{"line":14,"column":61}},"4":{"start":{"line":15,"column":4},"end":{"line":17,"column":5}},"5":{"start":{"line":16,"column":6},"end":{"line":16,"column":77}},"6":{"start":{"line":20,"column":17},"end":{"line":20,"column":37}},"7":{"start":{"line":21,"column":27},"end":{"line":21,"column":58}},"8":{"start":{"line":23,"column":15},"end":{"line":23,"column":23}},"9":{"start":{"line":24,"column":18},"end":{"line":49,"column":5}},"10":{"start":{"line":51,"column":4},"end":{"line":55,"column":5}},"11":{"start":{"line":52,"column":6},"end":{"line":54,"column":7}},"12":{"start":{"line":57,"column":18},"end":{"line":76,"column":5}},"13":{"start":{"line":78,"column":15},"end":{"line":78,"column":39}},"14":{"start":{"line":79,"column":4},"end":{"line":91,"column":5}},"15":{"start":{"line":80,"column":6},"end":{"line":83,"column":8}},"16":{"start":{"line":84,"column":6},"end":{"line":87,"column":8}},"17":{"start":{"line":89,"column":6},"end":{"line":89,"column":47}},"18":{"start":{"line":90,"column":6},"end":{"line":90,"column":28}},"19":{"start":{"line":92,"column":4},"end":{"line":96,"column":5}},"20":{"start":{"line":100,"column":15},"end":{"line":100,"column":39}},"21":{"start":{"line":101,"column":18},"end":{"line":117,"column":5}},"22":{"start":{"line":118,"column":20},"end":{"line":118,"column":41}},"23":{"start":{"line":119,"column":4},"end":{"line":127,"column":5}},"24":{"start":{"line":120,"column":19},"end":{"line":120,"column":35}},"25":{"start":{"line":121,"column":6},"end":{"line":126,"column":7}},"26":{"start":{"line":131,"column":15},"end":{"line":131,"column":39}},"27":{"start":{"line":132,"column":4},"end":{"line":158,"column":5}},"28":{"start":{"line":133,"column":6},"end":{"line":143,"column":8}},"29":{"start":{"line":145,"column":6},"end":{"line":155,"column":8}},"30":{"start":{"line":157,"column":6},"end":{"line":157,"column":28}},"31":{"start":{"line":165,"column":4},"end":{"line":168,"column":5}},"32":{"start":{"line":166,"column":6},"end":{"line":166,"column":31}},"33":{"start":{"line":167,"column":6},"end":{"line":167,"column":30}},"34":{"start":{"line":170,"column":4},"end":{"line":170,"column":19}}},"fnMap":{"0":{"name":"(anonymous_0)","decl":{"start":{"line":11,"column":2},"end":{"line":11,"column":3}},"loc":{"start":{"line":11,"column":26},"end":{"line":97,"column":3}},"line":11},"1":{"name":"(anonymous_1)","decl":{"start":{"line":99,"column":2},"end":{"line":99,"column":3}},"loc":{"start":{"line":99,"column":42},"end":{"line":128,"column":3}},"line":99},"2":{"name":"(anonymous_2)","decl":{"start":{"line":130,"column":2},"end":{"line":130,"column":3}},"loc":{"start":{"line":130,"column":29},"end":{"line":159,"column":3}},"line":130},"3":{"name":"(anonymous_3)","decl":{"start":{"line":164,"column":2},"end":{"line":164,"column":3}},"loc":{"start":{"line":164,"column":23},"end":{"line":171,"column":3}},"line":164}},"branchMap":{"0":{"loc":{"start":{"line":7,"column":18},"end":{"line":7,"column":80}},"type":"cond-expr","locations":[{"start":{"line":7,"column":52},"end":{"line":7,"column":67}},{"start":{"line":7,"column":70},"end":{"line":7,"column":80}}],"line":7},"1":{"loc":{"start":{"line":15,"column":4},"end":{"line":17,"column":5}},"type":"if","locations":[{"start":{"line":15,"column":4},"end":{"line":17,"column":5}},{"start":{"line":15,"column":4},"end":{"line":17,"column":5}}],"line":15},"2":{"loc":{"start":{"line":51,"column":4},"end":{"line":55,"column":5}},"type":"if","locations":[{"start":{"line":51,"column":4},"end":{"line":55,"column":5}},{"start":{"line":51,"column":4},"end":{"line":55,"column":5}}],"line":51},"3":{"loc":{"start":{"line":53,"column":11},"end":{"line":53,"column":40}},"type":"binary-expr","locations":[{"start":{"line":53,"column":11},"end":{"line":53,"column":18}},{"start":{"line":53,"column":22},"end":{"line":53,"column":40}}],"line":53},"4":{"loc":{"start":{"line":99,"column":27},"end":{"line":99,"column":40}},"type":"default-arg","locations":[{"start":{"line":99,"column":38},"end":{"line":99,"column":40}}],"line":99},"5":{"loc":{"start":{"line":119,"column":4},"end":{"line":127,"column":5}},"type":"if","locations":[{"start":{"line":119,"column":4},"end":{"line":127,"column":5}},{"start":{"line":119,"column":4},"end":{"line":127,"column":5}}],"line":119},"6":{"loc":{"start":{"line":119,"column":8},"end":{"line":119,"column":60}},"type":"binary-expr","locations":[{"start":{"line":119,"column":8},"end":{"line":119,"column":15}},{"start":{"line":119,"column":19},"end":{"line":119,"column":32}},{"start":{"line":119,"column":36},"end":{"line":119,"column":60}}],"line":119},"7":{"loc":{"start":{"line":130,"column":20},"end":{"line":130,"column":27}},"type":"default-arg","locations":[{"start":{"line":130,"column":25},"end":{"line":130,"column":27}}],"line":130},"8":{"loc":{"start":{"line":165,"column":4},"end":{"line":168,"column":5}},"type":"if","locations":[{"start":{"line":165,"column":4},"end":{"line":168,"column":5}},{"start":{"line":165,"column":4},"end":{"line":168,"column":5}}],"line":165}},"s":{"0":1,"1":1,"2":2,"3":2,"4":2,"5":0,"6":2,"7":2,"8":2,"9":2,"10":2,"11":2,"12":2,"13":2,"14":2,"15":2,"16":2,"17":0,"18":0,"19":2,"20":2,"21":2,"22":2,"23":2,"24":0,"25":0,"26":3,"27":3,"28":3,"29":3,"30":0,"31":7,"32":3,"33":3,"34":7},"f":{"0":2,"1":2,"2":3,"3":7},"b":{"0":[1,0],"1":[0,2],"2":[2,0],"3":[2,2],"4":[0],"5":[0,2],"6":[2,2,2],"7":[0],"8":[3,4]},"_coverageSchema":"43e27e138ebf9cfc5966b082cf9a028302ed4184","hash":"868c1c41c8ef73278dfd535b391aa649f89d626b"}
,"/home/vuongnguyen/node-training/nodejs-training/shopping-server/src/db/ShoppingTable.js": {"path":"/home/vuongnguyen/node-training/nodejs-training/shopping-server/src/db/ShoppingTable.js","statementMap":{"0":{"start":{"line":2,"column":18},"end":{"line":2,"column":80}}},"fnMap":{},"branchMap":{"0":{"loc":{"start":{"line":2,"column":18},"end":{"line":2,"column":80}},"type":"cond-expr","locations":[{"start":{"line":2,"column":52},"end":{"line":2,"column":67}},{"start":{"line":2,"column":70},"end":{"line":2,"column":80}}],"line":2}},"s":{"0":1},"f":{},"b":{"0":[1,0]},"_coverageSchema":"43e27e138ebf9cfc5966b082cf9a028302ed4184","hash":"52035b3ecd66ef17928ff2eac7b742a1eae5035a"}
,"/home/vuongnguyen/node-training/nodejs-training/shopping-server/src/db/index.js": {"path":"/home/vuongnguyen/node-training/nodejs-training/shopping-server/src/db/index.js","statementMap":{"0":{"start":{"line":6,"column":4},"end":{"line":16,"column":5}},"1":{"start":{"line":7,"column":21},"end":{"line":12,"column":7}},"2":{"start":{"line":14,"column":6},"end":{"line":14,"column":44}},"3":{"start":{"line":15,"column":6},"end":{"line":15,"column":43}},"4":{"start":{"line":18,"column":4},"end":{"line":18,"column":26}},"5":{"start":{"line":22,"column":4},"end":{"line":30,"column":6}},"6":{"start":{"line":23,"column":6},"end":{"line":29,"column":8}},"7":{"start":{"line":24,"column":8},"end":{"line":28,"column":9}},"8":{"start":{"line":25,"column":10},"end":{"line":25,"column":21}},"9":{"start":{"line":27,"column":10},"end":{"line":27,"column":23}},"10":{"start":{"line":34,"column":4},"end":{"line":42,"column":6}},"11":{"start":{"line":35,"column":6},"end":{"line":41,"column":8}},"12":{"start":{"line":36,"column":8},"end":{"line":40,"column":9}},"13":{"start":{"line":37,"column":10},"end":{"line":37,"column":21}},"14":{"start":{"line":39,"column":10},"end":{"line":39,"column":23}},"15":{"start":{"line":46,"column":4},"end":{"line":54,"column":6}},"16":{"start":{"line":47,"column":6},"end":{"line":53,"column":8}},"17":{"start":{"line":48,"column":8},"end":{"line":52,"column":9}},"18":{"start":{"line":49,"column":10},"end":{"line":49,"column":21}},"19":{"start":{"line":51,"column":10},"end":{"line":51,"column":23}},"20":{"start":{"line":58,"column":4},"end":{"line":66,"column":6}},"21":{"start":{"line":59,"column":6},"end":{"line":65,"column":8}},"22":{"start":{"line":60,"column":8},"end":{"line":64,"column":9}},"23":{"start":{"line":61,"column":10},"end":{"line":61,"column":21}},"24":{"start":{"line":63,"column":10},"end":{"line":63,"column":23}},"25":{"start":{"line":70,"column":4},"end":{"line":78,"column":6}},"26":{"start":{"line":71,"column":6},"end":{"line":77,"column":8}},"27":{"start":{"line":72,"column":8},"end":{"line":76,"column":9}},"28":{"start":{"line":73,"column":10},"end":{"line":73,"column":21}},"29":{"start":{"line":75,"column":10},"end":{"line":75,"column":23}},"30":{"start":{"line":82,"column":4},"end":{"line":90,"column":6}},"31":{"start":{"line":83,"column":6},"end":{"line":89,"column":8}},"32":{"start":{"line":84,"column":8},"end":{"line":88,"column":9}},"33":{"start":{"line":85,"column":10},"end":{"line":85,"column":21}},"34":{"start":{"line":87,"column":10},"end":{"line":87,"column":23}},"35":{"start":{"line":94,"column":4},"end":{"line":102,"column":6}},"36":{"start":{"line":95,"column":6},"end":{"line":101,"column":8}},"37":{"start":{"line":96,"column":8},"end":{"line":100,"column":9}},"38":{"start":{"line":97,"column":10},"end":{"line":97,"column":21}},"39":{"start":{"line":99,"column":10},"end":{"line":99,"column":23}},"40":{"start":{"line":106,"column":4},"end":{"line":114,"column":6}},"41":{"start":{"line":107,"column":6},"end":{"line":113,"column":8}},"42":{"start":{"line":108,"column":8},"end":{"line":112,"column":9}},"43":{"start":{"line":109,"column":10},"end":{"line":109,"column":21}},"44":{"start":{"line":111,"column":10},"end":{"line":111,"column":23}},"45":{"start":{"line":118,"column":4},"end":{"line":133,"column":6}},"46":{"start":{"line":119,"column":6},"end":{"line":132,"column":8}},"47":{"start":{"line":120,"column":8},"end":{"line":131,"column":9}},"48":{"start":{"line":121,"column":10},"end":{"line":127,"column":11}},"49":{"start":{"line":122,"column":12},"end":{"line":122,"column":28}},"50":{"start":{"line":123,"column":12},"end":{"line":123,"column":23}},"51":{"start":{"line":125,"column":12},"end":{"line":125,"column":60}},"52":{"start":{"line":126,"column":12},"end":{"line":126,"column":21}},"53":{"start":{"line":129,"column":10},"end":{"line":129,"column":59}},"54":{"start":{"line":130,"column":10},"end":{"line":130,"column":19}}},"fnMap":{"0":{"name":"(anonymous_0)","decl":{"start":{"line":5,"column":2},"end":{"line":5,"column":3}},"loc":{"start":{"line":5,"column":19},"end":{"line":19,"column":3}},"line":5},"1":{"name":"(anonymous_1)","decl":{"start":{"line":21,"column":2},"end":{"line":21,"column":3}},"loc":{"start":{"line":21,"column":25},"end":{"line":31,"column":3}},"line":21},"2":{"name":"(anonymous_2)","decl":{"start":{"line":22,"column":23},"end":{"line":22,"column":24}},"loc":{"start":{"line":22,"column":44},"end":{"line":30,"column":5}},"line":22},"3":{"name":"(anonymous_3)","decl":{"start":{"line":23,"column":38},"end":{"line":23,"column":39}},"loc":{"start":{"line":23,"column":53},"end":{"line":29,"column":7}},"line":23},"4":{"name":"(anonymous_4)","decl":{"start":{"line":33,"column":2},"end":{"line":33,"column":3}},"loc":{"start":{"line":33,"column":25},"end":{"line":43,"column":3}},"line":33},"5":{"name":"(anonymous_5)","decl":{"start":{"line":34,"column":23},"end":{"line":34,"column":24}},"loc":{"start":{"line":34,"column":44},"end":{"line":42,"column":5}},"line":34},"6":{"name":"(anonymous_6)","decl":{"start":{"line":35,"column":38},"end":{"line":35,"column":39}},"loc":{"start":{"line":35,"column":53},"end":{"line":41,"column":7}},"line":35},"7":{"name":"(anonymous_7)","decl":{"start":{"line":45,"column":2},"end":{"line":45,"column":3}},"loc":{"start":{"line":45,"column":28},"end":{"line":55,"column":3}},"line":45},"8":{"name":"(anonymous_8)","decl":{"start":{"line":46,"column":23},"end":{"line":46,"column":24}},"loc":{"start":{"line":46,"column":44},"end":{"line":54,"column":5}},"line":46},"9":{"name":"(anonymous_9)","decl":{"start":{"line":47,"column":41},"end":{"line":47,"column":42}},"loc":{"start":{"line":47,"column":56},"end":{"line":53,"column":7}},"line":47},"10":{"name":"(anonymous_10)","decl":{"start":{"line":57,"column":2},"end":{"line":57,"column":3}},"loc":{"start":{"line":57,"column":32},"end":{"line":67,"column":3}},"line":57},"11":{"name":"(anonymous_11)","decl":{"start":{"line":58,"column":23},"end":{"line":58,"column":24}},"loc":{"start":{"line":58,"column":44},"end":{"line":66,"column":5}},"line":58},"12":{"name":"(anonymous_12)","decl":{"start":{"line":59,"column":45},"end":{"line":59,"column":46}},"loc":{"start":{"line":59,"column":60},"end":{"line":65,"column":7}},"line":59},"13":{"name":"(anonymous_13)","decl":{"start":{"line":69,"column":2},"end":{"line":69,"column":3}},"loc":{"start":{"line":69,"column":30},"end":{"line":79,"column":3}},"line":69},"14":{"name":"(anonymous_14)","decl":{"start":{"line":70,"column":23},"end":{"line":70,"column":24}},"loc":{"start":{"line":70,"column":44},"end":{"line":78,"column":5}},"line":70},"15":{"name":"(anonymous_15)","decl":{"start":{"line":71,"column":43},"end":{"line":71,"column":44}},"loc":{"start":{"line":71,"column":58},"end":{"line":77,"column":7}},"line":71},"16":{"name":"(anonymous_16)","decl":{"start":{"line":81,"column":2},"end":{"line":81,"column":3}},"loc":{"start":{"line":81,"column":23},"end":{"line":91,"column":3}},"line":81},"17":{"name":"(anonymous_17)","decl":{"start":{"line":82,"column":23},"end":{"line":82,"column":24}},"loc":{"start":{"line":82,"column":44},"end":{"line":90,"column":5}},"line":82},"18":{"name":"(anonymous_18)","decl":{"start":{"line":83,"column":36},"end":{"line":83,"column":37}},"loc":{"start":{"line":83,"column":51},"end":{"line":89,"column":7}},"line":83},"19":{"name":"(anonymous_19)","decl":{"start":{"line":93,"column":2},"end":{"line":93,"column":3}},"loc":{"start":{"line":93,"column":27},"end":{"line":103,"column":3}},"line":93},"20":{"name":"(anonymous_20)","decl":{"start":{"line":94,"column":23},"end":{"line":94,"column":24}},"loc":{"start":{"line":94,"column":44},"end":{"line":102,"column":5}},"line":94},"21":{"name":"(anonymous_21)","decl":{"start":{"line":95,"column":35},"end":{"line":95,"column":36}},"loc":{"start":{"line":95,"column":50},"end":{"line":101,"column":7}},"line":95},"22":{"name":"(anonymous_22)","decl":{"start":{"line":105,"column":2},"end":{"line":105,"column":3}},"loc":{"start":{"line":105,"column":28},"end":{"line":115,"column":3}},"line":105},"23":{"name":"(anonymous_23)","decl":{"start":{"line":106,"column":23},"end":{"line":106,"column":24}},"loc":{"start":{"line":106,"column":44},"end":{"line":114,"column":5}},"line":106},"24":{"name":"(anonymous_24)","decl":{"start":{"line":107,"column":41},"end":{"line":107,"column":42}},"loc":{"start":{"line":107,"column":56},"end":{"line":113,"column":7}},"line":107},"25":{"name":"(anonymous_25)","decl":{"start":{"line":117,"column":2},"end":{"line":117,"column":3}},"loc":{"start":{"line":117,"column":28},"end":{"line":134,"column":3}},"line":117},"26":{"name":"(anonymous_26)","decl":{"start":{"line":118,"column":22},"end":{"line":118,"column":23}},"loc":{"start":{"line":118,"column":43},"end":{"line":133,"column":5}},"line":118},"27":{"name":"(anonymous_27)","decl":{"start":{"line":119,"column":41},"end":{"line":119,"column":42}},"loc":{"start":{"line":119,"column":50},"end":{"line":132,"column":7}},"line":119}},"branchMap":{"0":{"loc":{"start":{"line":6,"column":4},"end":{"line":16,"column":5}},"type":"if","locations":[{"start":{"line":6,"column":4},"end":{"line":16,"column":5}},{"start":{"line":6,"column":4},"end":{"line":16,"column":5}}],"line":6},"1":{"loc":{"start":{"line":24,"column":8},"end":{"line":28,"column":9}},"type":"if","locations":[{"start":{"line":24,"column":8},"end":{"line":28,"column":9}},{"start":{"line":24,"column":8},"end":{"line":28,"column":9}}],"line":24},"2":{"loc":{"start":{"line":36,"column":8},"end":{"line":40,"column":9}},"type":"if","locations":[{"start":{"line":36,"column":8},"end":{"line":40,"column":9}},{"start":{"line":36,"column":8},"end":{"line":40,"column":9}}],"line":36},"3":{"loc":{"start":{"line":48,"column":8},"end":{"line":52,"column":9}},"type":"if","locations":[{"start":{"line":48,"column":8},"end":{"line":52,"column":9}},{"start":{"line":48,"column":8},"end":{"line":52,"column":9}}],"line":48},"4":{"loc":{"start":{"line":60,"column":8},"end":{"line":64,"column":9}},"type":"if","locations":[{"start":{"line":60,"column":8},"end":{"line":64,"column":9}},{"start":{"line":60,"column":8},"end":{"line":64,"column":9}}],"line":60},"5":{"loc":{"start":{"line":72,"column":8},"end":{"line":76,"column":9}},"type":"if","locations":[{"start":{"line":72,"column":8},"end":{"line":76,"column":9}},{"start":{"line":72,"column":8},"end":{"line":76,"column":9}}],"line":72},"6":{"loc":{"start":{"line":84,"column":8},"end":{"line":88,"column":9}},"type":"if","locations":[{"start":{"line":84,"column":8},"end":{"line":88,"column":9}},{"start":{"line":84,"column":8},"end":{"line":88,"column":9}}],"line":84},"7":{"loc":{"start":{"line":93,"column":14},"end":{"line":93,"column":25}},"type":"default-arg","locations":[{"start":{"line":93,"column":23},"end":{"line":93,"column":25}}],"line":93},"8":{"loc":{"start":{"line":96,"column":8},"end":{"line":100,"column":9}},"type":"if","locations":[{"start":{"line":96,"column":8},"end":{"line":100,"column":9}},{"start":{"line":96,"column":8},"end":{"line":100,"column":9}}],"line":96},"9":{"loc":{"start":{"line":108,"column":8},"end":{"line":112,"column":9}},"type":"if","locations":[{"start":{"line":108,"column":8},"end":{"line":112,"column":9}},{"start":{"line":108,"column":8},"end":{"line":112,"column":9}}],"line":108},"10":{"loc":{"start":{"line":120,"column":8},"end":{"line":131,"column":9}},"type":"if","locations":[{"start":{"line":120,"column":8},"end":{"line":131,"column":9}},{"start":{"line":120,"column":8},"end":{"line":131,"column":9}}],"line":120},"11":{"loc":{"start":{"line":121,"column":10},"end":{"line":127,"column":11}},"type":"if","locations":[{"start":{"line":121,"column":10},"end":{"line":127,"column":11}},{"start":{"line":121,"column":10},"end":{"line":127,"column":11}}],"line":121}},"s":{"0":3,"1":3,"2":3,"3":3,"4":3,"5":4,"6":4,"7":4,"8":0,"9":4,"10":0,"11":0,"12":0,"13":0,"14":0,"15":0,"16":0,"17":0,"18":0,"19":0,"20":0,"21":0,"22":0,"23":0,"24":0,"25":0,"26":0,"27":0,"28":0,"29":0,"30":2,"31":2,"32":2,"33":0,"34":2,"35":0,"36":0,"37":0,"38":0,"39":0,"40":6,"41":6,"42":6,"43":0,"44":6,"45":3,"46":3,"47":3,"48":3,"49":0,"50":0,"51":3,"52":3,"53":0,"54":0},"f":{"0":3,"1":4,"2":4,"3":4,"4":0,"5":0,"6":0,"7":0,"8":0,"9":0,"10":0,"11":0,"12":0,"13":0,"14":0,"15":0,"16":2,"17":2,"18":2,"19":0,"20":0,"21":0,"22":6,"23":6,"24":6,"25":3,"26":3,"27":3},"b":{"0":[3,0],"1":[0,4],"2":[0,0],"3":[0,0],"4":[0,0],"5":[0,0],"6":[0,2],"7":[0],"8":[0,0],"9":[0,6],"10":[3,0],"11":[0,3]},"_coverageSchema":"43e27e138ebf9cfc5966b082cf9a028302ed4184","hash":"71943232e058567b14ff6e77e4176be902a29d6f"}
}
