TN:
SF:/Users/vuongnguyen/Data/training/nodejs/nodejs-training/shopping-server/src/index.js
FN:16,(anonymous_0)
FN:35,(anonymous_1)
FN:47,(anonymous_2)
FNF:3
FNH:3
FNDA:16,(anonymous_0)
FNDA:16,(anonymous_1)
FNDA:2,(anonymous_2)
DA:11,2
DA:13,2
DA:14,2
DA:16,2
DA:17,16
DA:19,16
DA:20,6
DA:21,6
DA:23,0
DA:29,2
DA:36,16
DA:37,16
DA:45,2
DA:47,2
DA:48,2
LF:15
LH:14
BRDA:19,0,0,6
BRDA:19,0,1,10
BRF:2
BRH:2
end_of_record
TN:
SF:/Users/vuongnguyen/Data/training/nodejs/nodejs-training/shopping-server/src/__test__/user/QueryApi.js
FN:1,(anonymous_0)
FN:17,(anonymous_1)
FN:33,(anonymous_2)
FN:48,(anonymous_3)
FNF:4
FNH:4
FNDA:4,(anonymous_0)
FNDA:5,(anonymous_1)
FNDA:4,(anonymous_2)
FNDA:3,(anonymous_3)
DA:1,4
DA:17,5
DA:33,4
DA:48,3
LF:4
LH:4
BRF:0
BRH:0
end_of_record
TN:
SF:/Users/vuongnguyen/Data/training/nodejs/nodejs-training/shopping-server/src/__test__/user/UserModel.js
FN:12,(anonymous_0)
FN:81,(anonymous_1)
FN:113,(anonymous_2)
FN:149,(anonymous_3)
FNF:4
FNH:4
FNDA:3,(anonymous_0)
FNDA:3,(anonymous_1)
FNDA:4,(anonymous_2)
FNDA:10,(anonymous_3)
DA:8,2
DA:9,2
DA:13,3
DA:16,3
DA:17,3
DA:19,0
DA:23,3
DA:25,3
DA:26,3
DA:27,3
DA:48,3
DA:49,3
DA:53,3
DA:54,3
DA:58,3
DA:59,3
DA:64,3
DA:65,3
DA:66,3
DA:71,0
DA:72,0
DA:74,3
DA:83,3
DA:84,3
DA:101,3
DA:102,3
DA:103,0
DA:104,0
DA:115,4
DA:116,4
DA:117,4
DA:130,4
DA:132,4
DA:142,0
DA:150,10
DA:151,4
DA:152,4
DA:155,10
LF:38
LH:32
BRDA:8,0,0,2
BRDA:8,0,1,0
BRDA:17,1,0,0
BRDA:17,1,1,3
BRDA:38,2,0,3
BRDA:38,2,1,0
BRDA:48,3,0,3
BRDA:48,3,1,0
BRDA:53,4,0,3
BRDA:53,4,1,0
BRDA:58,5,0,3
BRDA:58,5,1,0
BRDA:102,6,0,0
BRDA:102,6,1,3
BRDA:102,7,0,3
BRDA:102,7,1,3
BRDA:102,7,2,3
BRDA:133,8,0,4
BRDA:133,8,1,4
BRDA:134,9,0,4
BRDA:134,9,1,4
BRDA:135,10,0,4
BRDA:135,10,1,4
BRDA:136,11,0,4
BRDA:136,11,1,4
BRDA:137,12,0,4
BRDA:137,12,1,4
BRDA:138,13,0,4
BRDA:138,13,1,4
BRDA:139,14,0,4
BRDA:139,14,1,0
BRDA:150,15,0,4
BRDA:150,15,1,6
BRF:33
BRH:25
end_of_record
TN:
SF:/Users/vuongnguyen/Data/training/nodejs/nodejs-training/shopping-server/src/db/ShoppingTable.js
FNF:0
FNH:0
DA:2,2
LF:1
LH:1
BRDA:2,0,0,2
BRDA:2,0,1,0
BRF:2
BRH:1
end_of_record
TN:
SF:/Users/vuongnguyen/Data/training/nodejs/nodejs-training/shopping-server/src/db/index.js
FN:5,(anonymous_0)
FN:22,(anonymous_1)
FN:23,(anonymous_2)
FN:24,(anonymous_3)
FN:34,(anonymous_4)
FN:35,(anonymous_5)
FN:36,(anonymous_6)
FN:46,(anonymous_7)
FN:47,(anonymous_8)
FN:48,(anonymous_9)
FN:58,(anonymous_10)
FN:59,(anonymous_11)
FN:60,(anonymous_12)
FN:70,(anonymous_13)
FN:71,(anonymous_14)
FN:72,(anonymous_15)
FN:82,(anonymous_16)
FN:83,(anonymous_17)
FN:84,(anonymous_18)
FN:94,(anonymous_19)
FN:95,(anonymous_20)
FN:96,(anonymous_21)
FN:106,(anonymous_22)
FN:107,(anonymous_23)
FN:108,(anonymous_24)
FN:118,(anonymous_25)
FN:119,(anonymous_26)
FN:120,(anonymous_27)
FN:137,(anonymous_28)
FN:138,(anonymous_29)
FNF:30
FNH:16
FNDA:6,(anonymous_0)
FNDA:4,(anonymous_1)
FNDA:4,(anonymous_2)
FNDA:4,(anonymous_3)
FNDA:2,(anonymous_4)
FNDA:2,(anonymous_5)
FNDA:2,(anonymous_6)
FNDA:0,(anonymous_7)
FNDA:0,(anonymous_8)
FNDA:0,(anonymous_9)
FNDA:0,(anonymous_10)
FNDA:0,(anonymous_11)
FNDA:0,(anonymous_12)
FNDA:0,(anonymous_13)
FNDA:0,(anonymous_14)
FNDA:0,(anonymous_15)
FNDA:18,(anonymous_16)
FNDA:18,(anonymous_17)
FNDA:18,(anonymous_18)
FNDA:0,(anonymous_19)
FNDA:0,(anonymous_20)
FNDA:0,(anonymous_21)
FNDA:4,(anonymous_22)
FNDA:4,(anonymous_23)
FNDA:4,(anonymous_24)
FNDA:6,(anonymous_25)
FNDA:6,(anonymous_26)
FNDA:6,(anonymous_27)
FNDA:0,(anonymous_28)
FNDA:0,(anonymous_29)
DA:6,6
DA:7,6
DA:15,6
DA:16,6
DA:19,6
DA:23,4
DA:24,4
DA:25,4
DA:26,0
DA:28,4
DA:35,2
DA:36,2
DA:37,2
DA:38,0
DA:40,2
DA:47,0
DA:48,0
DA:49,0
DA:50,0
DA:52,0
DA:59,0
DA:60,0
DA:61,0
DA:62,0
DA:64,0
DA:71,0
DA:72,0
DA:73,0
DA:74,0
DA:76,0
DA:83,18
DA:84,18
DA:85,18
DA:86,0
DA:88,18
DA:95,0
DA:96,0
DA:97,0
DA:98,0
DA:100,0
DA:107,4
DA:108,4
DA:109,4
DA:110,0
DA:112,4
DA:119,6
DA:120,6
DA:121,6
DA:122,6
DA:123,0
DA:124,0
DA:126,6
DA:127,6
DA:130,0
DA:131,0
DA:138,0
DA:139,0
DA:140,0
DA:142,0
LF:59
LH:27
BRDA:6,0,0,6
BRDA:6,0,1,0
BRDA:25,1,0,0
BRDA:25,1,1,4
BRDA:37,2,0,0
BRDA:37,2,1,2
BRDA:49,3,0,0
BRDA:49,3,1,0
BRDA:61,4,0,0
BRDA:61,4,1,0
BRDA:73,5,0,0
BRDA:73,5,1,0
BRDA:85,6,0,0
BRDA:85,6,1,18
BRDA:94,7,0,0
BRDA:97,8,0,0
BRDA:97,8,1,0
BRDA:109,9,0,0
BRDA:109,9,1,4
BRDA:121,10,0,6
BRDA:121,10,1,0
BRDA:122,11,0,0
BRDA:122,11,1,6
BRDA:139,12,0,0
BRDA:139,12,1,0
BRF:25
BRH:7
end_of_record
TN:
SF:/Users/vuongnguyen/Data/training/nodejs/nodejs-training/shopping-server/src/models/Category.js
FN:12,(anonymous_0)
FN:74,(anonymous_1)
FN:112,(anonymous_2)
FN:145,(anonymous_3)
FN:169,(anonymous_4)
FN:190,(anonymous_5)
FN:228,(anonymous_6)
FNF:7
FNH:0
FNDA:0,(anonymous_0)
FNDA:0,(anonymous_1)
FNDA:0,(anonymous_2)
FNDA:0,(anonymous_3)
FNDA:0,(anonymous_4)
FNDA:0,(anonymous_5)
FNDA:0,(anonymous_6)
DA:7,2
DA:8,2
DA:9,2
DA:13,0
DA:15,0
DA:16,0
DA:20,0
DA:21,0
DA:22,0
DA:25,0
DA:26,0
DA:44,0
DA:45,0
DA:49,0
DA:51,0
DA:55,0
DA:56,0
DA:57,0
DA:62,0
DA:64,0
DA:76,0
DA:77,0
DA:79,0
DA:80,0
DA:97,0
DA:98,0
DA:99,0
DA:100,0
DA:101,0
DA:114,0
DA:115,0
DA:117,0
DA:118,0
DA:129,0
DA:131,0
DA:132,0
DA:133,0
DA:134,0
DA:146,0
DA:148,0
DA:163,0
DA:164,0
DA:166,0
DA:168,0
DA:169,0
DA:170,0
DA:172,0
DA:182,0
DA:192,0
DA:193,0
DA:195,0
DA:196,0
DA:197,0
DA:210,0
DA:212,0
DA:221,0
DA:229,0
DA:230,0
DA:231,0
DA:234,0
LF:60
LH:3
BRDA:7,0,0,2
BRDA:7,0,1,0
BRDA:15,1,0,0
BRDA:15,1,1,0
BRDA:21,2,0,0
BRDA:21,2,1,0
BRDA:21,3,0,0
BRDA:21,3,1,0
BRDA:34,4,0,0
BRDA:34,4,1,0
BRDA:44,5,0,0
BRDA:44,5,1,0
BRDA:49,6,0,0
BRDA:49,6,1,0
BRDA:76,7,0,0
BRDA:76,7,1,0
BRDA:98,8,0,0
BRDA:98,8,1,0
BRDA:98,9,0,0
BRDA:98,9,1,0
BRDA:98,9,2,0
BRDA:103,10,0,0
BRDA:103,10,1,0
BRDA:104,11,0,0
BRDA:104,11,1,0
BRDA:105,12,0,0
BRDA:105,12,1,0
BRDA:106,13,0,0
BRDA:106,13,1,0
BRDA:114,14,0,0
BRDA:114,14,1,0
BRDA:131,15,0,0
BRDA:131,15,1,0
BRDA:131,16,0,0
BRDA:131,16,1,0
BRDA:136,17,0,0
BRDA:136,17,1,0
BRDA:137,18,0,0
BRDA:137,18,1,0
BRDA:138,19,0,0
BRDA:138,19,1,0
BRDA:139,20,0,0
BRDA:139,20,1,0
BRDA:140,21,0,0
BRDA:140,21,1,0
BRDA:163,22,0,0
BRDA:163,22,1,0
BRDA:168,23,0,0
BRDA:168,23,1,0
BRDA:168,24,0,0
BRDA:168,24,1,0
BRDA:168,24,2,0
BRDA:174,25,0,0
BRDA:174,25,1,0
BRDA:175,26,0,0
BRDA:175,26,1,0
BRDA:176,27,0,0
BRDA:176,27,1,0
BRDA:177,28,0,0
BRDA:177,28,1,0
BRDA:178,29,0,0
BRDA:178,29,1,0
BRDA:192,30,0,0
BRDA:192,30,1,0
BRDA:214,31,0,0
BRDA:214,31,1,0
BRDA:215,32,0,0
BRDA:215,32,1,0
BRDA:216,33,0,0
BRDA:216,33,1,0
BRDA:217,34,0,0
BRDA:217,34,1,0
BRDA:218,35,0,0
BRDA:218,35,1,0
BRDA:229,36,0,0
BRDA:229,36,1,0
BRF:76
BRH:1
end_of_record
TN:
SF:/Users/vuongnguyen/Data/training/nodejs/nodejs-training/shopping-server/src/models/Product.js
FN:11,(anonymous_0)
FN:102,(anonymous_1)
FN:140,(anonymous_2)
FN:206,(anonymous_3)
FN:259,(anonymous_4)
FN:285,(anonymous_5)
FN:341,(anonymous_6)
FNF:7
FNH:0
FNDA:0,(anonymous_0)
FNDA:0,(anonymous_1)
FNDA:0,(anonymous_2)
FNDA:0,(anonymous_3)
FNDA:0,(anonymous_4)
FNDA:0,(anonymous_5)
FNDA:0,(anonymous_6)
DA:7,2
DA:8,2
DA:12,0
DA:14,0
DA:15,0
DA:18,0
DA:19,0
DA:49,0
DA:50,0
DA:55,0
DA:56,0
DA:61,0
DA:63,0
DA:67,0
DA:74,0
DA:75,0
DA:76,0
DA:81,0
DA:86,0
DA:88,0
DA:104,0
DA:105,0
DA:107,0
DA:108,0
DA:119,0
DA:121,0
DA:122,0
DA:123,0
DA:124,0
DA:142,0
DA:143,0
DA:146,0
DA:147,0
DA:148,0
DA:151,0
DA:152,0
DA:174,0
DA:183,0
DA:184,0
DA:188,0
DA:189,0
DA:207,0
DA:208,0
DA:209,0
DA:211,0
DA:227,0
DA:230,0
DA:231,0
DA:234,0
DA:235,0
DA:239,0
DA:240,0
DA:243,0
DA:244,0
DA:248,0
DA:249,0
DA:253,0
DA:254,0
DA:256,0
DA:258,0
DA:259,0
DA:260,0
DA:261,0
DA:277,0
DA:287,0
DA:288,0
DA:290,0
DA:291,0
DA:292,0
DA:305,0
DA:317,0
DA:319,0
DA:334,0
DA:342,0
DA:343,0
DA:344,0
DA:347,0
LF:77
LH:2
BRDA:7,0,0,2
BRDA:7,0,1,0
BRDA:14,1,0,0
BRDA:14,1,1,0
BRDA:14,2,0,0
BRDA:14,2,1,0
BRDA:30,3,0,0
BRDA:30,3,1,0
BRDA:33,4,0,0
BRDA:33,4,1,0
BRDA:36,5,0,0
BRDA:36,5,1,0
BRDA:42,6,0,0
BRDA:42,6,1,0
BRDA:49,7,0,0
BRDA:49,7,1,0
BRDA:55,8,0,0
BRDA:55,8,1,0
BRDA:61,9,0,0
BRDA:61,9,1,0
BRDA:94,10,0,0
BRDA:94,10,1,0
BRDA:95,11,0,0
BRDA:95,11,1,0
BRDA:96,12,0,0
BRDA:96,12,1,0
BRDA:104,13,0,0
BRDA:104,13,1,0
BRDA:121,14,0,0
BRDA:121,14,1,0
BRDA:121,15,0,0
BRDA:121,15,1,0
BRDA:126,16,0,0
BRDA:126,16,1,0
BRDA:127,17,0,0
BRDA:127,17,1,0
BRDA:128,18,0,0
BRDA:128,18,1,0
BRDA:129,19,0,0
BRDA:129,19,1,0
BRDA:130,20,0,0
BRDA:130,20,1,0
BRDA:131,21,0,0
BRDA:131,21,1,0
BRDA:132,22,0,0
BRDA:132,22,1,0
BRDA:133,23,0,0
BRDA:133,23,1,0
BRDA:134,24,0,0
BRDA:134,24,1,0
BRDA:135,25,0,0
BRDA:135,25,1,0
BRDA:142,26,0,0
BRDA:142,26,1,0
BRDA:142,27,0,0
BRDA:142,27,1,0
BRDA:147,28,0,0
BRDA:147,28,1,0
BRDA:191,29,0,0
BRDA:191,29,1,0
BRDA:192,30,0,0
BRDA:192,30,1,0
BRDA:193,31,0,0
BRDA:193,31,1,0
BRDA:194,32,0,0
BRDA:194,32,1,0
BRDA:195,33,0,0
BRDA:195,33,1,0
BRDA:196,34,0,0
BRDA:196,34,1,0
BRDA:197,35,0,0
BRDA:197,35,1,0
BRDA:198,36,0,0
BRDA:198,36,1,0
BRDA:199,37,0,0
BRDA:199,37,1,0
BRDA:200,38,0,0
BRDA:200,38,1,0
BRDA:201,39,0,0
BRDA:201,39,1,0
BRDA:202,40,0,0
BRDA:202,40,1,0
BRDA:206,41,0,0
BRDA:209,42,0,0
BRDA:209,42,1,0
BRDA:230,43,0,0
BRDA:230,43,1,0
BRDA:239,44,0,0
BRDA:239,44,1,0
BRDA:244,45,0,0
BRDA:244,45,1,0
BRDA:248,46,0,0
BRDA:248,46,1,0
BRDA:253,47,0,0
BRDA:253,47,1,0
BRDA:258,48,0,0
BRDA:258,48,1,0
BRDA:258,49,0,0
BRDA:258,49,1,0
BRDA:258,49,2,0
BRDA:263,50,0,0
BRDA:263,50,1,0
BRDA:264,51,0,0
BRDA:264,51,1,0
BRDA:265,52,0,0
BRDA:265,52,1,0
BRDA:266,53,0,0
BRDA:266,53,1,0
BRDA:267,54,0,0
BRDA:267,54,1,0
BRDA:268,55,0,0
BRDA:268,55,1,0
BRDA:269,56,0,0
BRDA:269,56,1,0
BRDA:270,57,0,0
BRDA:270,57,1,0
BRDA:271,58,0,0
BRDA:271,58,1,0
BRDA:272,59,0,0
BRDA:272,59,1,0
BRDA:273,60,0,0
BRDA:273,60,1,0
BRDA:287,61,0,0
BRDA:287,61,1,0
BRDA:287,62,0,0
BRDA:287,62,1,0
BRDA:321,63,0,0
BRDA:321,63,1,0
BRDA:322,64,0,0
BRDA:322,64,1,0
BRDA:323,65,0,0
BRDA:323,65,1,0
BRDA:324,66,0,0
BRDA:324,66,1,0
BRDA:325,67,0,0
BRDA:325,67,1,0
BRDA:326,68,0,0
BRDA:326,68,1,0
BRDA:327,69,0,0
BRDA:327,69,1,0
BRDA:328,70,0,0
BRDA:328,70,1,0
BRDA:329,71,0,0
BRDA:329,71,1,0
BRDA:330,72,0,0
BRDA:330,72,1,0
BRDA:331,73,0,0
BRDA:331,73,1,0
BRDA:342,74,0,0
BRDA:342,74,1,0
BRF:150
BRH:1
end_of_record
TN:
SF:/Users/vuongnguyen/Data/training/nodejs/nodejs-training/shopping-server/src/models/User.js
FN:14,(anonymous_0)
FN:90,(anonymous_1)
FN:129,(anonymous_2)
FN:167,(anonymous_3)
FN:193,(anonymous_4)
FN:229,(anonymous_5)
FN:268,(anonymous_6)
FNF:7
FNH:6
FNDA:4,(anonymous_0)
FNDA:13,(anonymous_1)
FNDA:3,(anonymous_2)
FNDA:2,(anonymous_3)
FNDA:3,(anonymous_4)
FNDA:0,(anonymous_5)
FNDA:18,(anonymous_6)
DA:9,2
DA:10,2
DA:11,2
DA:15,4
DA:17,4
DA:18,1
DA:21,3
DA:22,1
DA:26,2
DA:27,2
DA:28,1
DA:32,1
DA:34,1
DA:35,1
DA:36,1
DA:57,1
DA:58,1
DA:62,1
DA:63,1
DA:67,1
DA:68,1
DA:73,1
DA:74,1
DA:75,1
DA:80,0
DA:81,0
DA:83,1
DA:92,13
DA:93,1
DA:95,12
DA:96,12
DA:113,12
DA:114,12
DA:115,12
DA:116,10
DA:117,10
DA:125,0
DA:130,3
DA:131,3
DA:132,3
DA:148,3
DA:151,3
DA:152,2
DA:155,2
DA:156,2
DA:160,3
DA:161,2
DA:163,3
DA:165,3
DA:166,3
DA:167,2
DA:168,2
DA:169,2
DA:181,2
DA:188,0
DA:189,0
DA:195,3
DA:196,1
DA:198,2
DA:199,2
DA:210,2
DA:212,2
DA:213,1
DA:214,1
DA:216,1
DA:231,0
DA:232,0
DA:234,0
DA:235,0
DA:236,0
DA:249,0
DA:251,0
DA:261,0
DA:269,18
DA:270,2
DA:271,2
DA:274,18
LF:77
LH:64
BRDA:9,0,0,2
BRDA:9,0,1,0
BRDA:17,1,0,1
BRDA:17,1,1,3
BRDA:17,2,0,4
BRDA:17,2,1,3
BRDA:21,3,0,1
BRDA:21,3,1,2
BRDA:27,4,0,1
BRDA:27,4,1,1
BRDA:47,5,0,1
BRDA:47,5,1,0
BRDA:57,6,0,1
BRDA:57,6,1,0
BRDA:62,7,0,1
BRDA:62,7,1,0
BRDA:67,8,0,1
BRDA:67,8,1,0
BRDA:92,9,0,1
BRDA:92,9,1,12
BRDA:115,10,0,10
BRDA:115,10,1,2
BRDA:115,11,0,12
BRDA:115,11,1,12
BRDA:115,11,2,12
BRDA:129,12,0,1
BRDA:151,13,0,2
BRDA:151,13,1,1
BRDA:160,14,0,2
BRDA:160,14,1,1
BRDA:166,15,0,2
BRDA:166,15,1,1
BRDA:166,16,0,3
BRDA:166,16,1,3
BRDA:166,16,2,3
BRDA:171,17,0,2
BRDA:171,17,1,2
BRDA:172,18,0,2
BRDA:172,18,1,2
BRDA:173,19,0,2
BRDA:173,19,1,2
BRDA:174,20,0,2
BRDA:174,20,1,2
BRDA:175,21,0,2
BRDA:175,21,1,2
BRDA:176,22,0,2
BRDA:176,22,1,2
BRDA:177,23,0,2
BRDA:177,23,1,0
BRDA:195,24,0,1
BRDA:195,24,1,2
BRDA:212,25,0,1
BRDA:212,25,1,1
BRDA:212,26,0,2
BRDA:212,26,1,2
BRDA:218,27,0,1
BRDA:218,27,1,1
BRDA:219,28,0,1
BRDA:219,28,1,1
BRDA:220,29,0,1
BRDA:220,29,1,1
BRDA:221,30,0,1
BRDA:221,30,1,1
BRDA:222,31,0,1
BRDA:222,31,1,1
BRDA:223,32,0,1
BRDA:223,32,1,1
BRDA:224,33,0,1
BRDA:224,33,1,0
BRDA:231,34,0,0
BRDA:231,34,1,0
BRDA:252,35,0,0
BRDA:252,35,1,0
BRDA:253,36,0,0
BRDA:253,36,1,0
BRDA:254,37,0,0
BRDA:254,37,1,0
BRDA:255,38,0,0
BRDA:255,38,1,0
BRDA:256,39,0,0
BRDA:256,39,1,0
BRDA:257,40,0,0
BRDA:257,40,1,0
BRDA:258,41,0,0
BRDA:258,41,1,0
BRDA:269,42,0,2
BRDA:269,42,1,16
BRF:87
BRH:64
end_of_record
TN:
SF:/Users/vuongnguyen/Data/training/nodejs/nodejs-training/shopping-server/src/models/index.js
FNF:0
FNH:0
DA:5,2
DA:6,2
DA:7,2
LF:3
LH:3
BRF:0
BRH:0
end_of_record
TN:
SF:/Users/vuongnguyen/Data/training/nodejs/nodejs-training/shopping-server/src/resolvers/Authentication.js
FN:14,(anonymous_0)
FN:33,(anonymous_1)
FNF:2
FNH:2
FNDA:4,(anonymous_0)
FNDA:5,(anonymous_1)
DA:5,2
DA:14,2
DA:15,4
DA:16,0
DA:18,4
DA:19,1
DA:20,1
DA:33,2
DA:34,5
DA:35,4
DA:36,1
DA:39,3
DA:41,3
DA:42,1
DA:44,2
DA:45,2
LF:16
LH:15
BRDA:15,0,0,0
BRDA:15,0,1,4
BRDA:15,1,0,4
BRDA:15,1,1,4
BRDA:35,2,0,1
BRDA:35,2,1,3
BRDA:41,3,0,1
BRDA:41,3,1,2
BRF:8
BRH:7
end_of_record
TN:
SF:/Users/vuongnguyen/Data/training/nodejs/nodejs-training/shopping-server/src/resolvers/Authorization.js
FN:6,(anonymous_0)
FN:20,(anonymous_1)
FN:30,(anonymous_2)
FN:40,(anonymous_3)
FN:52,(anonymous_4)
FN:64,(anonymous_5)
FNF:6
FNH:2
FNDA:7,(anonymous_0)
FNDA:3,(anonymous_1)
FNDA:0,(anonymous_2)
FNDA:0,(anonymous_3)
FNDA:0,(anonymous_4)
FNDA:0,(anonymous_5)
DA:4,2
DA:6,2
DA:7,7
DA:8,1
DA:11,6
DA:12,6
DA:13,0
DA:15,6
DA:18,2
DA:21,3
DA:22,0
DA:24,3
DA:28,2
DA:31,0
DA:32,0
DA:34,0
DA:38,2
DA:41,0
DA:42,0
DA:43,0
DA:44,0
DA:46,0
DA:50,2
DA:54,0
DA:55,0
DA:56,0
DA:58,0
DA:62,2
DA:65,0
DA:66,0
DA:67,0
DA:69,0
LF:32
LH:14
BRDA:7,0,0,1
BRDA:7,0,1,6
BRDA:12,1,0,0
BRDA:12,1,1,6
BRDA:21,2,0,0
BRDA:21,2,1,3
BRDA:31,3,0,0
BRDA:31,3,1,0
BRDA:31,4,0,0
BRDA:31,4,1,0
BRDA:41,5,0,0
BRDA:41,5,1,0
BRDA:41,6,0,0
BRDA:41,6,1,0
BRDA:43,7,0,0
BRDA:43,7,1,0
BRDA:43,8,0,0
BRDA:43,8,1,0
BRDA:43,8,2,0
BRDA:55,9,0,0
BRDA:55,9,1,0
BRDA:55,10,0,0
BRDA:55,10,1,0
BRDA:55,10,2,0
BRDA:66,11,0,0
BRDA:66,11,1,0
BRDA:66,12,0,0
BRDA:66,12,1,0
BRF:28
BRH:4
end_of_record
TN:
SF:/Users/vuongnguyen/Data/training/nodejs/nodejs-training/shopping-server/src/resolvers/Category.js
FN:8,(anonymous_0)
FN:13,(anonymous_1)
FN:18,(anonymous_2)
FN:23,(anonymous_3)
FN:33,(anonymous_4)
FNF:5
FNH:0
FNDA:0,(anonymous_0)
FNDA:0,(anonymous_1)
FNDA:0,(anonymous_2)
FNDA:0,(anonymous_3)
FNDA:0,(anonymous_4)
DA:8,2
DA:9,0
DA:10,0
DA:13,2
DA:14,0
DA:15,0
DA:18,2
DA:19,0
DA:20,0
DA:23,2
DA:24,0
DA:29,0
DA:30,0
DA:33,2
DA:34,0
DA:39,0
DA:40,0
LF:17
LH:5
BRF:0
BRH:0
end_of_record
TN:
SF:/Users/vuongnguyen/Data/training/nodejs/nodejs-training/shopping-server/src/resolvers/Common.js
FN:2,(anonymous_0)
FN:9,(anonymous_1)
FN:16,(anonymous_2)
FNF:3
FNH:0
FNDA:0,(anonymous_0)
FNDA:0,(anonymous_1)
FNDA:0,(anonymous_2)
DA:2,2
DA:3,0
DA:4,0
DA:5,0
DA:9,2
DA:10,0
DA:11,0
DA:12,0
DA:16,2
DA:17,0
DA:18,0
DA:19,0
LF:12
LH:3
BRDA:3,0,0,0
BRDA:3,0,1,0
BRDA:10,1,0,0
BRDA:10,1,1,0
BRDA:17,2,0,0
BRDA:17,2,1,0
BRDA:17,3,0,0
BRDA:17,3,1,0
BRF:8
BRH:0
end_of_record
TN:
SF:/Users/vuongnguyen/Data/training/nodejs/nodejs-training/shopping-server/src/resolvers/Product.js
FN:8,(anonymous_0)
FN:13,(anonymous_1)
FN:18,(anonymous_2)
FN:23,(anonymous_3)
FN:33,(anonymous_4)
FN:43,(anonymous_5)
FN:50,(anonymous_6)
FNF:7
FNH:0
FNDA:0,(anonymous_0)
FNDA:0,(anonymous_1)
FNDA:0,(anonymous_2)
FNDA:0,(anonymous_3)
FNDA:0,(anonymous_4)
FNDA:0,(anonymous_5)
FNDA:0,(anonymous_6)
DA:8,2
DA:9,0
DA:10,0
DA:13,2
DA:14,0
DA:15,0
DA:18,2
DA:19,0
DA:20,0
DA:23,2
DA:24,0
DA:29,0
DA:30,0
DA:33,2
DA:34,0
DA:39,0
DA:40,0
DA:43,2
DA:44,0
DA:45,0
DA:46,0
DA:47,0
DA:50,2
DA:51,0
DA:52,0
DA:53,0
LF:26
LH:7
BRDA:51,0,0,0
BRDA:51,0,1,0
BRDA:51,1,0,0
BRDA:51,1,1,0
BRF:4
BRH:0
end_of_record
TN:
SF:/Users/vuongnguyen/Data/training/nodejs/nodejs-training/shopping-server/src/resolvers/User.js
FN:5,(anonymous_0)
FN:10,(anonymous_1)
FN:15,(anonymous_2)
FN:27,(anonymous_3)
FNF:4
FNH:2
FNDA:0,(anonymous_0)
FNDA:3,(anonymous_1)
FNDA:3,(anonymous_2)
FNDA:0,(anonymous_3)
DA:5,2
DA:6,0
DA:7,0
DA:10,2
DA:11,3
DA:12,3
DA:15,2
DA:16,3
DA:17,2
DA:27,2
DA:28,0
DA:29,0
LF:12
LH:8
BRF:0
BRH:0
end_of_record
TN:
SF:/Users/vuongnguyen/Data/training/nodejs/nodejs-training/shopping-server/src/resolvers/index.js
FNF:0
FNH:0
LF:0
LH:0
BRF:0
BRH:0
end_of_record
TN:
SF:/Users/vuongnguyen/Data/training/nodejs/nodejs-training/shopping-server/src/schema/Category.js
FNF:0
FNH:0
LF:0
LH:0
BRF:0
BRH:0
end_of_record
TN:
SF:/Users/vuongnguyen/Data/training/nodejs/nodejs-training/shopping-server/src/schema/Product.js
FNF:0
FNH:0
LF:0
LH:0
BRF:0
BRH:0
end_of_record
TN:
SF:/Users/vuongnguyen/Data/training/nodejs/nodejs-training/shopping-server/src/schema/User.js
FNF:0
FNH:0
LF:0
LH:0
BRF:0
BRH:0
end_of_record
TN:
SF:/Users/vuongnguyen/Data/training/nodejs/nodejs-training/shopping-server/src/schema/index.js
FNF:0
FNH:0
DA:7,2
LF:1
LH:1
BRF:0
BRH:0
end_of_record
TN:
SF:/Users/vuongnguyen/Data/training/nodejs/nodejs-training/shopping-server/src/utils/Utilties.js
FN:9,(anonymous_0)
FN:18,(anonymous_1)
FN:27,(anonymous_2)
FN:38,(anonymous_3)
FN:50,(anonymous_4)
FN:64,(anonymous_5)
FNF:6
FNH:5
FNDA:2,(anonymous_0)
FNDA:0,(anonymous_1)
FNDA:4,(anonymous_2)
FNDA:3,(anonymous_3)
FNDA:3,(anonymous_4)
FNDA:6,(anonymous_5)
DA:9,2
DA:10,2
DA:18,2
DA:19,0
DA:27,2
DA:28,4
DA:29,4
DA:38,2
DA:39,3
DA:40,3
DA:50,2
DA:51,3
DA:52,3
DA:55,3
DA:64,2
DA:65,6
LF:16
LH:15
BRDA:9,0,0,2
BRDA:18,1,0,0
BRDA:27,2,0,0
BRF:3
BRH:1
end_of_record
TN:
SF:/Users/vuongnguyen/Data/training/nodejs/nodejs-training/shopping-server/src/utils/Validators.js
FN:7,(anonymous_0)
FN:18,(anonymous_1)
FNF:2
FNH:1
FNDA:3,(anonymous_0)
FNDA:0,(anonymous_1)
DA:7,2
DA:8,3
DA:10,3
DA:18,2
DA:19,0
DA:21,0
LF:6
LH:4
BRF:0
BRH:0
end_of_record
