TN:
SF:/home/vuongnguyen/node-training/nodejs-training/shopping-server/src/__test__/auth/Api.js
FN:5,(anonymous_0)
FN:28,(anonymous_1)
FNF:2
FNH:2
FNDA:4,(anonymous_0)
FNDA:4,(anonymous_1)
DA:3,1
DA:5,1
DA:6,4
DA:7,4
DA:22,4
DA:24,0
DA:28,1
DA:29,4
DA:30,4
DA:45,4
DA:47,0
LF:11
LH:9
BRF:0
BRH:0
end_of_record
TN:
SF:/home/vuongnguyen/node-training/nodejs-training/shopping-server/src/__test__/auth/UserModel.js
FN:11,(anonymous_0)
FN:99,(anonymous_1)
FN:130,(anonymous_2)
FN:164,(anonymous_3)
FNF:4
FNH:4
FNDA:2,(anonymous_0)
FNDA:2,(anonymous_1)
FNDA:3,(anonymous_2)
FNDA:7,(anonymous_3)
DA:7,1
DA:8,1
DA:12,2
DA:14,2
DA:15,2
DA:16,0
DA:20,2
DA:21,2
DA:23,2
DA:24,2
DA:51,2
DA:52,2
DA:57,2
DA:78,2
DA:79,2
DA:80,2
DA:84,2
DA:89,0
DA:90,0
DA:92,2
DA:100,2
DA:101,2
DA:118,2
DA:119,2
DA:120,0
DA:121,0
DA:131,3
DA:132,3
DA:133,3
DA:145,3
DA:157,0
DA:165,7
DA:166,3
DA:167,3
DA:170,7
LF:35
LH:29
BRDA:7,0,0,1
BRDA:7,0,1,0
BRDA:15,1,0,0
BRDA:15,1,1,2
BRDA:51,2,0,2
BRDA:51,2,1,0
BRDA:53,3,0,2
BRDA:53,3,1,2
BRDA:99,4,0,0
BRDA:119,5,0,0
BRDA:119,5,1,2
BRDA:119,6,0,2
BRDA:119,6,1,2
BRDA:119,6,2,2
BRDA:130,7,0,0
BRDA:165,8,0,3
BRDA:165,8,1,4
BRF:17
BRH:11
end_of_record
TN:
SF:/home/vuongnguyen/node-training/nodejs-training/shopping-server/src/db/ShoppingTable.js
FNF:0
FNH:0
DA:2,1
LF:1
LH:1
BRDA:2,0,0,1
BRDA:2,0,1,0
BRF:2
BRH:1
end_of_record
TN:
SF:/home/vuongnguyen/node-training/nodejs-training/shopping-server/src/db/index.js
FN:5,(anonymous_0)
FN:21,(anonymous_1)
FN:22,(anonymous_2)
FN:23,(anonymous_3)
FN:33,(anonymous_4)
FN:34,(anonymous_5)
FN:35,(anonymous_6)
FN:45,(anonymous_7)
FN:46,(anonymous_8)
FN:47,(anonymous_9)
FN:57,(anonymous_10)
FN:58,(anonymous_11)
FN:59,(anonymous_12)
FN:69,(anonymous_13)
FN:70,(anonymous_14)
FN:71,(anonymous_15)
FN:81,(anonymous_16)
FN:82,(anonymous_17)
FN:83,(anonymous_18)
FN:93,(anonymous_19)
FN:94,(anonymous_20)
FN:95,(anonymous_21)
FN:105,(anonymous_22)
FN:106,(anonymous_23)
FN:107,(anonymous_24)
FN:117,(anonymous_25)
FN:118,(anonymous_26)
FN:119,(anonymous_27)
FNF:28
FNH:13
FNDA:3,(anonymous_0)
FNDA:4,(anonymous_1)
FNDA:4,(anonymous_2)
FNDA:4,(anonymous_3)
FNDA:0,(anonymous_4)
FNDA:0,(anonymous_5)
FNDA:0,(anonymous_6)
FNDA:0,(anonymous_7)
FNDA:0,(anonymous_8)
FNDA:0,(anonymous_9)
FNDA:0,(anonymous_10)
FNDA:0,(anonymous_11)
FNDA:0,(anonymous_12)
FNDA:0,(anonymous_13)
FNDA:0,(anonymous_14)
FNDA:0,(anonymous_15)
FNDA:2,(anonymous_16)
FNDA:2,(anonymous_17)
FNDA:2,(anonymous_18)
FNDA:0,(anonymous_19)
FNDA:0,(anonymous_20)
FNDA:0,(anonymous_21)
FNDA:6,(anonymous_22)
FNDA:6,(anonymous_23)
FNDA:6,(anonymous_24)
FNDA:3,(anonymous_25)
FNDA:3,(anonymous_26)
FNDA:3,(anonymous_27)
DA:6,3
DA:7,3
DA:14,3
DA:15,3
DA:18,3
DA:22,4
DA:23,4
DA:24,4
DA:25,0
DA:27,4
DA:34,0
DA:35,0
DA:36,0
DA:37,0
DA:39,0
DA:46,0
DA:47,0
DA:48,0
DA:49,0
DA:51,0
DA:58,0
DA:59,0
DA:60,0
DA:61,0
DA:63,0
DA:70,0
DA:71,0
DA:72,0
DA:73,0
DA:75,0
DA:82,2
DA:83,2
DA:84,2
DA:85,0
DA:87,2
DA:94,0
DA:95,0
DA:96,0
DA:97,0
DA:99,0
DA:106,6
DA:107,6
DA:108,6
DA:109,0
DA:111,6
DA:118,3
DA:119,3
DA:120,3
DA:121,3
DA:122,0
DA:123,0
DA:125,3
DA:126,3
DA:129,0
DA:130,0
LF:55
LH:23
BRDA:6,0,0,3
BRDA:6,0,1,0
BRDA:24,1,0,0
BRDA:24,1,1,4
BRDA:36,2,0,0
BRDA:36,2,1,0
BRDA:48,3,0,0
BRDA:48,3,1,0
BRDA:60,4,0,0
BRDA:60,4,1,0
BRDA:72,5,0,0
BRDA:72,5,1,0
BRDA:84,6,0,0
BRDA:84,6,1,2
BRDA:93,7,0,0
BRDA:96,8,0,0
BRDA:96,8,1,0
BRDA:108,9,0,0
BRDA:108,9,1,6
BRDA:120,10,0,3
BRDA:120,10,1,0
BRDA:121,11,0,0
BRDA:121,11,1,3
BRF:23
BRH:6
end_of_record
